Startup-Time:    0.000000
[   0.029310] pos:  52.13741233,  11.64344738 /     0.0000,     0.0000; vel:     0.0000,    -0.0000; acc:     0.0000,     0.0000
[   0.427926] pos:  52.13741233,  11.64344738 /     0.0000,    -0.0000; vel:    -0.0000,     0.0000; acc:     0.0000,     0.0000
[   0.826542] pos:  52.13741233,  11.64344738 /    -0.0000,    -0.0000; vel:    -0.0000,     0.0000; acc:     0.0000,     0.0000
[   1.225158] pos:  52.13741233,  11.64344738 /    -0.0000,    -0.0000; vel:     0.0000,    -0.0000; acc:     0.0000,     0.0000
[   1.623774] pos:  52.13741233,  11.64344738 /    -0.0000,    -0.0000; vel:     0.0000,    -0.0000; acc:     0.0000,     0.0000
[   2.022390] pos:  52.13741233,  11.64344738 /    -0.0000,     0.0000; vel:    -0.0000,    -0.0000; acc:     2.1213,    -2.1213
[   2.421006] pos:  52.13741233,  11.64344738 /    -0.0000,     0.0000; vel:    -0.0000,    -0.0000; acc:     2.1213,    -2.1213
[   2.819622] pos:  52.13741233,  11.64344738 /    -0.0000,     0.0000; vel:    -0.0000,    -0.0000; acc:     2.1213,    -2.1213
[   3.218238] pos:  52.13741233,  11.64344738 /    -0.0000,     0.0000; vel:    -0.0000,     0.0000; acc:     2.1213,    -2.1213
[   3.616854] pos:  52.13741233,  11.64344738 /    -0.0000,     0.0000; vel:     0.0000,     0.0000; acc:     2.1308,    -2.1118
[   4.015470] pos:  52.13741233,  11.64344738 /    -0.0000,     0.0000; vel:     0.0000,    -0.0000; acc:     0.0000,    -3.0000
[   4.414086] pos:  52.13741233,  11.64344738 /    -0.0000,     0.0000; vel:     0.0000,     0.0000; acc:     0.0000,    -3.0000
[   4.812702] pos:  52.13741233,  11.64344738 /    -0.0000,     0.0000; vel:    -0.0000,     0.0000; acc:     0.0000,    -3.0000
[   5.211318] pos:  52.13741233,  11.64344738 /    -0.0000,     0.0000; vel:    -0.0000,    -0.0000; acc:     0.0000,    -3.0000
[   5.609934] pos:  52.13741233,  11.64344738 /    -0.0000,     0.0000; vel:     0.0000,    -0.0000; acc:     0.0000,    -3.0000
[   6.008550] pos:  52.13741233,  11.64344738 /     0.0000,     0.0000; vel:     0.0000,    -0.0000; acc:     0.0000,    -3.0000
[   6.407166] pos:  52.13741233,  11.64344738 /     0.0000,     0.0000; vel:     0.0000,    -0.0000; acc:     0.0000,    -3.0000
[   6.805782] pos:  52.13741233,  11.64344738 /     0.0000,     0.0000; vel:     0.0000,    -0.0000; acc:     0.0000,    -3.0000
[   7.204398] pos:  52.13741233,  11.64344738 /     0.0000,     0.0000; vel:    -0.0000,     0.0000; acc:     0.0000,    -3.0000
[   7.603014] pos:  52.13741233,  11.64344738 /     0.0000,     0.0000; vel:     0.0000,    -0.0000; acc:     0.0000,    -3.0000
[   8.001630] pos:  52.13741233,  11.64344738 /     0.0000,     0.0000; vel:    -0.0000,     0.0000; acc:     0.0000,    -3.0000
[   8.400246] pos:  52.13741233,  11.64344738 /     0.0000,     0.0000; vel:     0.0000,     0.0000; acc:     0.0000,    -3.0000
[   8.798862] pos:  52.13741233,  11.64344738 /     0.0000,     0.0000; vel:    -0.0000,    -0.0000; acc:     0.0000,    -3.0000
[   9.197478] pos:  52.13741233,  11.64344738 /     0.0000,     0.0000; vel:    -0.0000,     0.0000; acc:     0.0000,    -3.0000
[   9.596094] pos:  52.13741233,  11.64344738 /     0.0000,     0.0000; vel:     0.0000,     0.0000; acc:     0.0000,    -3.0000
[   9.994710] pos:  52.13741233,  11.64344738 /     0.0000,     0.0000; vel:     0.0000,     0.0000; acc:     0.0000,    -3.0000
[  10.393326] pos:  52.13741233,  11.64344738 /     0.0000,     0.0000; vel:     0.0000,     0.0000; acc:     0.0000,    -3.0000
[  10.791942] pos:  52.13741233,  11.64344738 /     0.0000,     0.0000; vel:     0.0000,     0.0000; acc:     0.0000,    -3.0000
[  11.190558] pos:  52.13741233,  11.64344738 /     0.0000,     0.0000; vel:     0.0000,    -0.0000; acc:     0.0000,    -3.0000
[  11.589174] pos:  52.13741233,  11.64344738 /     0.0000,     0.0000; vel:    -0.0000,     0.0000; acc:     0.0000,    -3.0000
[  11.987790] pos:  52.13741233,  11.64344738 /     0.0000,     0.0000; vel:    -0.0000,     0.0000; acc:     0.0000,    -3.0000
[  12.386406] pos:  52.13741233,  11.64344738 /     0.0000,     0.0000; vel:    -0.0000,    -0.0000; acc:     0.0000,    -3.0000
[  12.785022] pos:  52.13741233,  11.64344738 /     0.0000,     0.0000; vel:     0.0000,    -0.0000; acc:     0.0000,    -3.0000
[  13.183638] pos:  52.13741233,  11.64344738 /     0.0000,     0.0000; vel:     0.0000,     0.0000; acc:     0.0000,    -3.0000
[  13.582254] pos:  52.13741233,  11.64344738 /     0.0000,     0.0000; vel:    -0.0000,     0.0000; acc:     0.0000,    -3.0000
[  13.980870] pos:  52.13741233,  11.64344738 /     0.0000,     0.0000; vel:     0.0000,    -0.0000; acc:     0.0000,    -3.0000
[  14.379486] pos:  52.13741233,  11.64344738 /     0.0000,     0.0000; vel:    -0.0000,     0.0000; acc:     0.0000,    -3.0000
[  14.778102] pos:  52.13741233,  11.64344738 /     0.0000,     0.0000; vel:    -0.0000,     0.0000; acc:     0.0000,    -3.0000
[  15.176718] pos:  52.13741233,  11.64344738 /     0.0000,     0.0000; vel:    -0.0000,     0.0000; acc:     0.0000,    -3.0000
[  15.575334] pos:  52.13741233,  11.64344738 /     0.0000,     0.0000; vel:    -0.0000,     0.0000; acc:     0.0000,    -3.0000
[  15.973950] pos:  52.13741233,  11.64344738 /     0.0000,     0.0000; vel:     0.0000,    -0.0000; acc:     0.0000,    -3.0000
[  16.372566] pos:  52.13741233,  11.64344738 /     0.0000,     0.0000; vel:     0.0000,    -0.0000; acc:     0.0000,    -3.0000
[  16.771181] pos:  52.13741233,  11.64344738 /    -0.0000,     0.0000; vel:    -0.0000,     0.0000; acc:     0.0000,    -3.0000
[  17.169798] pos:  52.13741233,  11.64344738 /    -0.0000,     0.0000; vel:     0.0000,     0.0000; acc:     0.0000,    -3.0000
[  17.568415] pos:  52.13741233,  11.64344738 /    -0.0000,     0.0000; vel:    -0.0000,     0.0000; acc:     0.0000,    -3.0000
[  17.967030] pos:  52.13741233,  11.64344738 /    -0.0000,     0.0000; vel:    -0.0000,    -0.0000; acc:     0.0000,    -3.0000
[  18.365646] pos:  52.13741233,  11.64344738 /    -0.0000,     0.0000; vel:     0.0000,     0.0000; acc:     0.0000,    -3.0000
[  18.764261] pos:  52.13741233,  11.64344738 /    -0.0000,     0.0000; vel:    -0.0000,     0.0000; acc:     0.0000,    -3.0000
[  19.162878] pos:  52.13741233,  11.64344738 /    -0.0000,     0.0000; vel:     0.0000,    -0.0000; acc:     0.0000,    -3.0000
[  19.561495] pos:  52.13741233,  11.64344738 /    -0.0000,     0.0000; vel:     0.0000,    -0.0000; acc:     0.0000,    -3.0000
[  19.960110] pos:  52.13741233,  11.64344738 /    -0.0000,     0.0000; vel:    -0.0000,     0.0000; acc:     0.0000,    -3.0000
[  20.358727] pos:  52.13741233,  11.64344738 /    -0.0000,     0.0000; vel:    -0.0000,    -0.0000; acc:     0.0000,    -3.0000
[  20.757341] pos:  52.13741233,  11.64344738 /    -0.0000,     0.0000; vel:     0.0000,     0.0000; acc:     0.0000,    -3.0000
[  21.155958] pos:  52.13741233,  11.64344738 /    -0.0000,     0.0000; vel:    -0.0000,     0.0000; acc:     0.0000,    -3.0000
[  21.554573] pos:  52.13741233,  11.64344738 /    -0.0000,     0.0000; vel:    -0.0000,     0.0000; acc:     0.0000,    -3.0000
[  21.953190] pos:  52.13741233,  11.64344738 /    -0.0000,     0.0000; vel:    -0.0000,    -0.0000; acc:     0.0000,    -3.0000
[  22.351807] pos:  52.13741233,  11.64344738 /    -0.0000,     0.0000; vel:     0.0000,     0.0000; acc:     0.0000,    -3.0000
[  22.750422] pos:  52.13741233,  11.64344738 /    -0.0000,     0.0000; vel:     0.0000,     0.0000; acc:     0.0000,    -3.0000
[  23.149038] pos:  52.13741233,  11.64344738 /    -0.0000,     0.0000; vel:     0.0000,     0.0000; acc:     0.0000,    -3.0000
[  23.547653] pos:  52.13741233,  11.64344738 /    -0.0000,     0.0000; vel:     0.0000,     0.0000; acc:     0.0000,    -3.0000
[  23.946270] pos:  52.13741233,  11.64344738 /    -0.0000,     0.0000; vel:     0.0000,    -0.0000; acc:     0.0000,    -3.0000
[  24.344887] pos:  52.13741233,  11.64344738 /    -0.0000,     0.0000; vel:     0.0000,     0.0000; acc:     0.0000,    -3.0000
[  24.743502] pos:  52.13741233,  11.64344738 /    -0.0000,     0.0000; vel:     0.0000,     0.0000; acc:     0.0000,    -3.0000
[  25.142118] pos:  52.13741233,  11.64344738 /    -0.0000,     0.0000; vel:     0.0000,     0.0000; acc:     0.0000,    -3.0000
[  25.540733] pos:  52.13741233,  11.64344738 /    -0.0000,     0.0000; vel:    -0.0000,    -0.0000; acc:     0.0000,    -3.0000
[  25.939350] pos:  52.13741233,  11.64344738 /    -0.0000,     0.0000; vel:     0.0000,    -0.0000; acc:     0.0000,    -3.0000
[  26.337967] pos:  52.13741233,  11.64344738 /    -0.0000,     0.0000; vel:     0.0000,     0.0000; acc:     0.0000,    -3.0000
[  26.736582] pos:  52.13741233,  11.64344738 /    -0.0000,     0.0000; vel:    -0.0000,    -0.0000; acc:     0.0000,    -3.0000
[  27.135199] pos:  52.13741233,  11.64344738 /     0.0000,     0.0000; vel:    -0.0000,     0.0000; acc:     0.0000,    -3.0000
[  27.533813] pos:  52.13741233,  11.64344738 /     0.0000,     0.0000; vel:    -0.0000,    -0.0000; acc:     0.0000,    -3.0000
[  27.932430] pos:  52.13741233,  11.64344738 /     0.0000,     0.0000; vel:    -0.0000,    -0.0000; acc:     0.0000,    -3.0000
[  28.331045] pos:  52.13741233,  11.64344653 /    -0.0000,     0.0000; vel:     0.0000,    -0.0000; acc:     0.0000,    -3.0000
[  28.729662] pos:  52.13741233,  11.64344824 /     0.0002,    -0.0000; vel:     0.0008,    -0.0000; acc:     0.0000,    -3.0000
[  29.128279] pos:  52.13741575,  11.64344653 /     0.0007,    -0.0392; vel:     0.0019,    -0.3155; acc:     0.0026,    -3.0000
[  29.526894] pos:  52.13741233,  11.64344738 /     0.0015,    -0.2775; vel:     0.0020,    -0.8590; acc:     0.0069,    -3.0000
[  29.925510] pos:  52.13740892,  11.64344738 /     0.0023,    -0.6969; vel:     0.0021,    -1.2129; acc:     0.0097,    -3.0000
[  30.324125] pos:  52.13740550,  11.64344824 /     0.0034,    -1.2218; vel:     0.0032,    -1.4024; acc:     0.0113,    -3.0000
[  30.722742] pos:  52.13739867,  11.64344653 /     0.0049,    -1.8036; vel:     0.0044,    -1.5074; acc:     0.0122,    -3.0000
[  31.121359] pos:  52.13739184,  11.64344738 /     0.0069,    -2.4174; vel:     0.0057,    -1.5689; acc:     0.0128,    -3.0000
[  31.519974] pos:  52.13738501,  11.64344738 /     0.0094,    -3.0508; vel:     0.0068,    -1.6093; acc:     0.0132,    -3.0000
[  31.918591] pos:  52.13738160,  11.64344738 /    -0.0050,    -3.6894; vel:    -0.1812,    -1.5433; acc:    -2.9973,    -0.1263
[  32.317207] pos:  52.13737818,  11.64344568 /    -0.1844,    -4.2549; vel:    -0.7180,    -1.2927; acc:    -2.9966,    -0.1418
[  32.715820] pos:  52.13737135,  11.64344055 /    -0.5595,    -4.7255; vel:    -1.1346,    -1.0799; acc:    -2.9962,    -0.1515
[  33.114437] pos:  52.13736793,  11.64343116 /    -1.0670,    -5.1228; vel:    -1.3905,    -0.9218; acc:    -2.9960,    -0.1549
[  33.513054] pos:  52.13736452,  11.64342433 /    -1.6528,    -5.4650; vel:    -1.5376,    -0.8015; acc:    -2.9960,    -0.1543
[  33.911671] pos:  52.13736110,  11.64341409 /    -2.2853,    -5.7654; vel:    -1.6287,    -0.7093; acc:    -0.0189,    -2.9999
[  34.310287] pos:  52.13736110,  11.64340555 /    -2.9257,    -6.0610; vel:    -1.5198,    -0.8640; acc:    -0.0193,    -2.9999
[  34.708900] pos:  52.13735769,  11.64339701 /    -3.4771,    -6.4766; vel:    -1.2515,    -1.2134; acc:    -0.0200,    -2.9999
[  35.107517] pos:  52.13735427,  11.64339018 /    -3.9300,    -7.0116; vel:    -1.0327,    -1.4497; acc:    -0.0202,    -2.9999
[  35.506134] pos:  52.13734744,  11.64338506 /    -4.3074,    -7.6173; vel:    -0.8687,    -1.5755; acc:    -0.0200,    -2.9999
[  35.904751] pos:  52.13734061,  11.64338079 /    -4.6276,    -8.2594; vel:    -0.7433,    -1.6401; acc:    -0.0195,    -2.9999
[  36.303368] pos:  52.13733378,  11.64337567 /    -4.9031,    -8.9203; vel:    -0.6431,    -1.6742; acc:    -0.0190,    -2.9999
[  36.701981] pos:  52.13732695,  11.64337225 /    -5.1422,    -9.5914; vel:    -0.5596,    -1.6944; acc:    -0.0186,    -2.9999
[  37.100597] pos:  52.13732354,  11.64336969 /    -5.3509,   -10.2706; vel:    -0.4898,    -1.7134; acc:    -0.0183,    -2.9999
[  37.499214] pos:  52.13731671,  11.64336713 /    -5.5338,   -10.9562; vel:    -0.4296,    -1.7273; acc:    -0.0179,    -2.9999
[  37.897831] pos:  52.13730988,  11.64336542 /    -5.6942,   -11.6459; vel:    -0.3771,    -1.7355; acc:    -0.0176,    -2.9999
[  38.296448] pos:  52.13730646,  11.64336201 /    -5.8351,   -12.3384; vel:    -0.3313,    -1.7405; acc:    -0.0174,    -2.9999
[  38.695061] pos:  52.13729963,  11.64336115 /    -5.9592,   -13.0329; vel:    -0.2927,    -1.7439; acc:    -0.0172,    -3.0000
[  39.093678] pos:  52.13728939,  11.64335859 /    -6.0690,   -13.7285; vel:    -0.2589,    -1.7468; acc:    -0.0170,    -3.0000
[  39.492294] pos:  52.13728597,  11.64335774 /    -6.1662,   -14.4248; vel:    -0.2299,    -1.7487; acc:    -0.0168,    -3.0000
[  39.890911] pos:  52.13727914,  11.64335603 /    -6.2526,   -15.1214; vel:    -0.2047,    -1.7493; acc:    -0.0167,    -3.0000
[  40.289528] pos:  52.13727231,  11.64335518 /    -6.3298,   -15.8197; vel:    -0.1833,    -1.7548; acc:    -0.0167,    -3.0000
[  40.688141] pos:  52.13726890,  11.64335432 /    -6.3991,   -16.5198; vel:    -0.1651,    -1.7600; acc:    -0.0167,    -3.0000
[  41.086758] pos:  52.13726207,  11.64335347 /    -6.4618,   -17.2214; vel:    -0.1504,    -1.7628; acc:    -0.0166,    -3.0000
[  41.485374] pos:  52.13725524,  11.64335261 /    -6.5192,   -17.9238; vel:    -0.1378,    -1.7629; acc:    -0.0166,    -3.0000
[  41.883991] pos:  52.13724499,  11.64335176 /    -6.5718,   -18.6265; vel:    -0.1263,    -1.7628; acc:    -0.0166,    -3.0000
[  42.282604] pos:  52.13723816,  11.64335176 /    -6.6202,   -19.3290; vel:    -0.1172,    -1.7627; acc:    -0.0166,    -3.0000
[  42.681221] pos:  52.13723475,  11.64335005 /    -6.6654,   -20.0313; vel:    -0.1099,    -1.7628; acc:    -0.0166,    -3.0000
[  43.079838] pos:  52.13722792,  11.64334920 /    -6.7079,   -20.7332; vel:    -0.1036,    -1.7616; acc:    -0.0167,    -3.0000
[  43.478455] pos:  52.13722109,  11.64334920 /    -6.7480,   -21.4361; vel:    -0.0977,    -1.7660; acc:    -0.0167,    -3.0000
[  43.877071] pos:  52.13721767,  11.64334835 /    -6.7858,   -22.1397; vel:    -0.0924,    -1.7649; acc:    -0.0168,    -3.0000
[  44.275684] pos:  52.13720743,  11.64334749 /    -6.8218,   -22.8427; vel:    -0.0883,    -1.7668; acc:    -0.0169,    -3.0000
[  44.674301] pos:  52.13720401,  11.64334749 /    -6.8564,   -23.5486; vel:    -0.0856,    -1.7773; acc:    -0.0171,    -3.0000
[  45.072918] pos:  52.13719718,  11.64334664 /    -6.8903,   -24.2599; vel:    -0.0848,    -1.7928; acc:    -0.0173,    -2.9999
[  45.471535] pos:  52.13719035,  11.64334664 /    -6.9238,   -24.9776; vel:    -0.0833,    -1.8084; acc:    -0.0175,    -2.9999
[  45.870152] pos:  52.13718352,  11.64334578 /    -6.9566,   -25.7007; vel:    -0.0815,    -1.8212; acc:    -0.0178,    -2.9999
[  46.268764] pos:  52.13717669,  11.64334493 /    -6.9887,   -26.4277; vel:    -0.0800,    -1.8288; acc:    -0.0180,    -2.9999
[  46.667381] pos:  52.13716986,  11.64334493 /    -7.0206,   -27.1587; vel:    -0.0800,    -1.8393; acc:    -0.0182,    -2.9999
[  47.065998] pos:  52.13716303,  11.64334493 /    -7.0524,   -27.8931; vel:    -0.0796,    -1.8468; acc:    -0.0184,    -2.9999
[  47.464615] pos:  52.13715961,  11.64334493 /    -7.0839,   -28.6294; vel:    -0.0784,    -1.8498; acc:    -0.0185,    -2.9999
[  47.863232] pos:  52.13715278,  11.64334493 /    -7.1147,   -29.3663; vel:    -0.0760,    -1.8491; acc:    -0.0187,    -2.9999
[  48.261845] pos:  52.13714595,  11.64334408 /    -7.1448,   -30.1030; vel:    -0.0754,    -1.8475; acc:    -0.0188,    -2.9999
[  48.660461] pos:  52.13713912,  11.64334322 /    -7.1748,   -30.8390; vel:    -0.0749,    -1.8458; acc:    -0.0190,    -2.9999
[  49.059078] pos:  52.13713229,  11.64334322 /    -7.2043,   -31.5738; vel:    -0.0732,    -1.8430; acc:    -0.0190,    -2.9999
[  49.457695] pos:  52.13712546,  11.64334237 /    -7.2332,   -32.3071; vel:    -0.0722,    -1.8389; acc:    -0.0192,    -2.9999
[  49.856312] pos:  52.13711863,  11.64334237 /    -7.2619,   -33.0404; vel:    -0.0717,    -1.8413; acc:    -0.0194,    -2.9999
[  50.254925] pos:  52.13711180,  11.64334152 /    -7.2903,   -33.7743; vel:    -0.0704,    -1.8427; acc:    -0.0196,    -2.9999
[  50.653542] pos:  52.13710497,  11.64334066 /    -7.3179,   -34.5081; vel:    -0.0686,    -1.8416; acc:    -0.0198,    -2.9999
[  51.052158] pos:  52.13709814,  11.64334066 /    -7.3450,   -35.2412; vel:    -0.0675,    -1.8385; acc:    -0.0199,    -2.9999
[  51.450775] pos:  52.13709473,  11.64333981 /    -7.3718,   -35.9733; vel:    -0.0669,    -1.8351; acc:    -0.0201,    -2.9999
[  51.849388] pos:  52.13708790,  11.64333981 /    -7.3983,   -36.7039; vel:    -0.0659,    -1.8315; acc:    -0.0203,    -2.9999
[  52.248005] pos:  52.13707765,  11.64333895 /    -7.4242,   -37.4329; vel:    -0.0643,    -1.8282; acc:    -0.0205,    -2.9999
[  52.646622] pos:  52.13707424,  11.64333895 /    -7.4496,   -38.1602; vel:    -0.0628,    -1.8235; acc:    -0.0208,    -2.9999
[  53.045238] pos:  52.13706741,  11.64333981 /    -7.4744,   -38.8872; vel:    -0.0620,    -1.8253; acc:    -0.0209,    -2.9999
[  53.443855] pos:  52.13706058,  11.64333810 /    -7.4988,   -39.6148; vel:    -0.0604,    -1.8268; acc:    -0.0212,    -2.9999
[  53.842468] pos:  52.13705375,  11.64333810 /    -7.5226,   -40.3422; vel:    -0.0591,    -1.8258; acc:    -0.0215,    -2.9999
[  54.241085] pos:  52.13704692,  11.64333725 /    -7.5460,   -41.0691; vel:    -0.0584,    -1.8232; acc:    -0.0218,    -2.9999
[  54.639702] pos:  52.13704009,  11.64333725 /    -7.5691,   -41.7953; vel:    -0.0573,    -1.8206; acc:    -0.0222,    -2.9999
[  55.038319] pos:  52.13703667,  11.64333639 /    -7.5917,   -42.5204; vel:    -0.0563,    -1.8185; acc:    -0.0223,    -2.9999
[  55.436935] pos:  52.13702643,  11.64333639 /    -7.6141,   -43.2446; vel:    -0.0560,    -1.8170; acc:    -0.0227,    -2.9999
[  55.835548] pos:  52.13701960,  11.64333639 /    -7.6365,   -43.9678; vel:    -0.0563,    -1.8146; acc:    -0.0231,    -2.9999
[  56.234165] pos:  52.13701618,  11.64333639 /    -7.6589,   -44.6917; vel:    -0.0563,    -1.8177; acc:    -0.0236,    -2.9999
[  56.632782] pos:  52.13700593,  11.64333554 /    -7.6814,   -45.4163; vel:    -0.0564,    -1.8198; acc:    -0.0242,    -2.9999
[  57.031399] pos:  52.13699910,  11.64333469 /    -7.7038,   -46.1411; vel:    -0.0564,    -1.8197; acc:    -0.0244,    -2.9999
[  57.430016] pos:  52.13699569,  11.64333554 /    -7.7262,   -46.8658; vel:    -0.0558,    -1.8176; acc:    -0.0249,    -2.9999
[  57.828629] pos:  52.13698544,  11.64333383 /    -7.7483,   -47.5898; vel:    -0.0552,    -1.8158; acc:    -0.0255,    -2.9999
[  58.227245] pos:  52.13697861,  11.64333469 /    -7.7703,   -48.3133; vel:    -0.0553,    -1.8148; acc:    -0.0262,    -2.9999
[  58.625862] pos:  52.13697861,  11.64333383 /    -7.7923,   -49.0361; vel:    -0.0553,    -1.8139; acc:    -0.0270,    -2.9999
[  59.024479] pos:  52.13696837,  11.64333298 /    -7.8143,   -49.7580; vel:    -0.0555,    -1.8111; acc:    -0.0273,    -2.9999
[  59.423096] pos:  52.13696154,  11.64333383 /    -7.8368,   -50.4805; vel:    -0.0570,    -1.8146; acc:    -0.0283,    -2.9999
[  59.821709] pos:  52.13695471,  11.64333298 /    -7.8598,   -51.2040; vel:    -0.0585,    -1.8173; acc:    -0.0293,    -2.9999
[  60.220325] pos:  52.13695129,  11.64333298 /    -7.8834,   -51.9279; vel:    -0.0599,    -1.8171; acc:    -0.0304,    -2.9998
[  60.618942] pos:  52.13694105,  11.64333212 /    -7.9075,   -52.6514; vel:    -0.0611,    -1.8147; acc:    -0.0317,    -2.9998
[  61.017559] pos:  52.13693422,  11.64333212 /    -7.9323,   -53.3743; vel:    -0.0633,    -1.8128; acc:    -0.0323,    -2.9998
[  61.416176] pos:  52.13693080,  11.64333127 /    -7.9577,   -54.0965; vel:    -0.0641,    -1.8115; acc:    -0.0338,    -2.9998
[  61.814789] pos:  52.13692397,  11.64333042 /    -7.9834,   -54.8180; vel:    -0.0655,    -1.8102; acc:    -0.0356,    -2.9998
[  62.213406] pos:  52.13691714,  11.64333042 /    -8.0100,   -55.5384; vel:    -0.0677,    -1.8075; acc:    -0.0376,    -2.9998
[  62.612022] pos:  52.13691031,  11.64333042 /    -8.0375,   -56.2593; vel:    -0.0706,    -1.8104; acc:    -0.0388,    -2.9997
[  63.010639] pos:  52.13690348,  11.64333042 /    -8.0660,   -56.9811; vel:    -0.0723,    -1.8126; acc:    -0.0415,    -2.9997
[  63.409252] pos:  52.13689665,  11.64332871 /    -8.0953,   -57.7030; vel:    -0.0752,    -1.8127; acc:    -0.0448,    -2.9997
[  63.807869] pos:  52.13688982,  11.64332956 /    -8.1259,   -58.4249; vel:    -0.0780,    -1.8107; acc:    -0.0489,    -2.9996
[  64.206490] pos:  52.13688299,  11.64332871 /    -8.1576,   -59.1462; vel:    -0.0816,    -1.8089; acc:    -0.0541,    -2.9995
[  64.605103] pos:  52.13687958,  11.64332700 /    -8.1908,   -59.8668; vel:    -0.0852,    -1.8076; acc:    -0.0570,    -2.9995
[  65.003716] pos:  52.13687275,  11.64332786 /    -8.2256,   -60.5867; vel:    -0.0897,    -1.8064; acc:    -0.0651,    -2.9993
[  65.402336] pos:  52.13686592,  11.64332700 /    -8.2625,   -61.3058; vel:    -0.0960,    -1.8046; acc:    -0.0767,    -2.9990
[  65.800949] pos:  52.13685909,  11.64332615 /    -8.3024,   -62.0257; vel:    -0.1042,    -1.8081; acc:    -0.0948,    -2.9985
[  66.199570] pos:  52.13685226,  11.64332529 /    -8.3460,   -62.7467; vel:    -0.1154,    -1.8110; acc:    -0.1261,    -2.9973
[  66.598183] pos:  52.13684543,  11.64332529 /    -8.3950,   -63.4682; vel:    -0.1319,    -1.8118; acc:    -2.1316,     2.1109
[  66.996796] pos:  52.13683860,  11.64332444 /    -8.4514,   -64.1855; vel:    -0.1489,    -1.7671; acc:    -2.1330,     2.1096
[  67.395416] pos:  52.13683518,  11.64332444 /    -8.5112,   -64.8545; vel:    -0.1480,    -1.5659; acc:    -2.1329,     2.1097
[  67.794029] pos:  52.13682835,  11.64332273 /    -8.5790,   -65.4141; vel:    -0.2699,    -1.1966; acc:    -2.1420,     2.1005
[  68.192642] pos:  52.13682493,  11.64332017 /    -8.7703,   -65.7674; vel:    -0.6956,    -0.5486; acc:    -2.1715,     2.0700
[  68.591263] pos:  52.13682152,  11.64331420 /    -9.1225,   -65.8549; vel:    -1.0521,     0.0878; acc:    -2.1932,     2.0470
[  68.989876] pos:  52.13682835,  11.64330736 /    -9.5930,   -65.7175; vel:    -1.2903,     0.5752; acc:    -2.2059,     2.0332
[  69.388496] pos:  52.13682835,  11.64329968 /   -10.1387,   -65.4157; vel:    -1.4370,     0.9185; acc:    -2.2128,     2.0257
[  69.787109] pos:  52.13683177,  11.64329114 /   -10.7302,   -65.0004; vel:    -1.5261,     1.1520; acc:    -2.2163,     2.0219
[  70.185722] pos:  52.13683518,  11.64328261 /   -11.3499,   -64.5081; vel:    -1.5804,     1.3086; acc:    -2.2179,     2.0201
[  70.584343] pos:  52.13684201,  11.64327236 /   -11.9872,   -63.9642; vel:    -1.6152,     1.4143; acc:    -2.2185,     2.0195
[  70.982956] pos:  52.13684543,  11.64326382 /   -12.6358,   -63.3851; vel:    -1.6379,     1.4873; acc:    -2.2185,     2.0195
[  71.381577] pos:  52.13685226,  11.64325358 /   -13.2914,   -62.7819; vel:    -1.6523,     1.5380; acc:    -2.2180,     2.0200
[  71.780190] pos:  52.13685567,  11.64324419 /   -13.9512,   -62.1621; vel:    -1.6600,     1.5719; acc:    -2.2172,     2.0209
[  72.178802] pos:  52.13686592,  11.64323479 /   -14.6148,   -61.5297; vel:    -1.6697,     1.6000; acc:    -2.2165,     2.0216
[  72.577423] pos:  52.13686933,  11.64322455 /   -15.2812,   -60.8882; vel:    -1.6752,     1.6192; acc:    -2.2156,     2.0226
[  72.976036] pos:  52.13687275,  11.64321516 /   -15.9491,   -60.2408; vel:    -1.6781,     1.6302; acc:    -2.2146,     2.0237
[  73.374657] pos:  52.13687958,  11.64320491 /   -16.6177,   -59.5902; vel:    -1.6780,     1.6351; acc:    -2.2135,     2.0250
[  73.773270] pos:  52.13688641,  11.64319637 /   -17.2863,   -58.9380; vel:    -1.6770,     1.6375; acc:    -2.2123,     2.0263
[  74.171883] pos:  52.13689324,  11.64318442 /   -17.9544,   -58.2852; vel:    -1.6756,     1.6384; acc:    -2.2110,     2.0276
[  74.570503] pos:  52.13689665,  11.64317588 /   -18.6216,   -57.6325; vel:    -1.6737,     1.6377; acc:    -2.2098,     2.0290
[  74.969116] pos:  52.13690348,  11.64316564 /   -19.2876,   -56.9807; vel:    -1.6707,     1.6355; acc:    -2.2085,     2.0304
[  75.367737] pos:  52.13691031,  11.64315710 /   -19.9541,   -56.3284; vel:    -1.6740,     1.6378; acc:    -2.2075,     2.0315
[  75.766350] pos:  52.13691373,  11.64314600 /   -20.6215,   -55.6757; vel:    -1.6761,     1.6386; acc:    -2.2064,     2.0326
[  76.164963] pos:  52.13692397,  11.64313746 /   -21.2892,   -55.0232; vel:    -1.6764,     1.6379; acc:    -2.2053,     2.0339
[  76.563583] pos:  52.13692739,  11.64312722 /   -21.9568,   -54.3710; vel:    -1.6750,     1.6356; acc:    -2.2041,     2.0352
[  76.962196] pos:  52.13693080,  11.64311868 /   -22.6242,   -53.7195; vel:    -1.6741,     1.6340; acc:    -2.2028,     2.0365
[  77.360817] pos:  52.13693763,  11.64310673 /   -23.2913,   -53.0684; vel:    -1.6736,     1.6333; acc:    -2.2017,     2.0378
[  77.759430] pos:  52.13694446,  11.64309819 /   -23.9580,   -52.4178; vel:    -1.6732,     1.6329; acc:    -2.2005,     2.0391
[  78.158043] pos:  52.13695129,  11.64308795 /   -24.6241,   -51.7677; vel:    -1.6717,     1.6316; acc:    -2.1992,     2.0405
[  78.556664] pos:  52.13695471,  11.64307855 /   -25.2910,   -51.1167; vel:    -1.6745,     1.6354; acc:    -2.1981,     2.0416
[  78.955276] pos:  52.13696154,  11.64306831 /   -25.9585,   -50.4645; vel:    -1.6762,     1.6385; acc:    -2.1970,     2.0428
[  79.353897] pos:  52.13696837,  11.64305977 /   -26.6261,   -49.8116; vel:    -1.6764,     1.6397; acc:    -2.1958,     2.0441
[  79.752510] pos:  52.13697520,  11.64304953 /   -27.2938,   -49.1584; vel:    -1.6753,     1.6393; acc:    -2.1946,     2.0454
[  80.151123] pos:  52.13697861,  11.64304013 /   -27.9614,   -48.5051; vel:    -1.6743,     1.6390; acc:    -2.1933,     2.0468
[  80.549744] pos:  52.13698544,  11.64302903 /   -28.6285,   -47.8520; vel:    -1.6736,     1.6386; acc:    -2.1921,     2.0481
[  80.948357] pos:  52.13699227,  11.64301964 /   -29.2951,   -47.1993; vel:    -1.6731,     1.6382; acc:    -2.1909,     2.0494
[  81.346977] pos:  52.13699910,  11.64301025 /   -29.9612,   -46.5471; vel:    -1.6717,     1.6368; acc:    -2.1896,     2.0508
[  81.745590] pos:  52.13700593,  11.64300001 /   -30.6283,   -45.8939; vel:    -1.6758,     1.6408; acc:    -2.1885,     2.0519
[  82.144203] pos:  52.13700935,  11.64299061 /   -31.2965,   -45.2395; vel:    -1.6785,     1.6442; acc:    -2.1874,     2.0531
[  82.542824] pos:  52.13701277,  11.64298122 /   -31.9651,   -44.5845; vel:    -1.6787,     1.6447; acc:    -2.1862,     2.0544
[  82.941437] pos:  52.13701960,  11.64297183 /   -32.6337,   -43.9294; vel:    -1.6772,     1.6437; acc:    -2.1849,     2.0558
[  83.340057] pos:  52.13702643,  11.64296159 /   -33.3019,   -43.2745; vel:    -1.6760,     1.6426; acc:    -2.1837,     2.0571
[  83.738670] pos:  52.13703326,  11.64295134 /   -33.9696,   -42.6201; vel:    -1.6749,     1.6416; acc:    -2.9975,     0.1233
[  84.137283] pos:  52.13704009,  11.64294195 /   -34.6394,   -41.9805; vel:    -1.6959,     1.5223; acc:    -2.9977,     0.1173
[  84.535904] pos:  52.13704009,  11.64293170 /   -35.3229,   -41.4208; vel:    -1.7352,     1.2903; acc:    -2.9980,     0.1081
[  84.934517] pos:  52.13704692,  11.64292146 /   -36.0215,   -40.9461; vel:    -1.7685,     1.1002; acc:    -2.9983,     0.1006
[  85.333138] pos:  52.13705033,  11.64291121 /   -36.7306,   -40.5382; vel:    -1.7893,     0.9537; acc:    -2.9985,     0.0943
[  85.731750] pos:  52.13705375,  11.64290097 /   -37.4459,   -40.1823; vel:    -1.8013,     0.8371; acc:    -2.9987,     0.0889
[  86.130363] pos:  52.13705716,  11.64289072 /   -38.1648,   -39.8688; vel:    -1.8070,     0.7397; acc:    -2.9988,     0.0840
[  86.528984] pos:  52.13706058,  11.64288048 /   -38.8860,   -39.5909; vel:    -1.8116,     0.6571; acc:    -2.9989,     0.0798
[  86.927597] pos:  52.13706399,  11.64286938 /   -39.6087,   -39.3436; vel:    -1.8149,     0.5856; acc:    -2.9990,     0.0760
[  87.326218] pos:  52.13706399,  11.64285913 /   -40.3321,   -39.1229; vel:    -1.8170,     0.5236; acc:    -2.9991,     0.0725
[  87.724831] pos:  52.13706399,  11.64284803 /   -41.0559,   -38.9256; vel:    -1.8173,     0.4681; acc:    -2.9992,     0.0693
[  88.123444] pos:  52.13706741,  11.64283694 /   -41.7811,   -38.7487; vel:    -1.8218,     0.4207; acc:    -2.9993,     0.0664
[  88.522064] pos:  52.13706741,  11.64282584 /   -42.5077,   -38.5895; vel:    -1.8252,     0.3791; acc:    -2.9993,     0.0638
[  88.920677] pos:  52.13706741,  11.64281645 /   -43.2347,   -38.4461; vel:    -1.8255,     0.3419; acc:    -2.9994,     0.0613
[  89.319298] pos:  52.13707082,  11.64280535 /   -43.9618,   -38.3166; vel:    -1.8239,     0.3090; acc:    -2.9994,     0.0589
[  89.717911] pos:  52.13707082,  11.64279510 /   -44.6884,   -38.1993; vel:    -1.8223,     0.2802; acc:    -2.9995,     0.0567
[  90.116524] pos:  52.13707082,  11.64278486 /   -45.4132,   -38.0820; vel:    -1.8079,     0.3806; acc:    -2.1683,     2.0732
[  90.515144] pos:  52.13707765,  11.64277461 /   -46.1254,   -37.8560; vel:    -1.7678,     0.7567; acc:    -2.2192,     2.0187
[  90.913757] pos:  52.13707765,  11.64276351 /   -46.8229,   -37.4902; vel:    -1.7363,     1.0619; acc:    -2.2159,     2.0224
[  91.312370] pos:  52.13708448,  11.64275412 /   -47.5114,   -37.0233; vel:    -1.7205,     1.2653; acc:    -2.9948,     0.1763
[  91.710991] pos:  52.13708790,  11.64274387 /   -48.1973,   -36.5091; vel:    -1.7311,     1.2548; acc:    -2.9951,     0.1710
[  92.109604] pos:  52.13709131,  11.64273363 /   -48.8927,   -36.0427; vel:    -1.7600,     1.0857; acc:    -2.9956,     0.1632
[  92.508224] pos:  52.13709473,  11.64272338 /   -49.5979,   -35.6405; vel:    -1.7784,     0.9401; acc:    -2.9960,     0.1552
[  92.906837] pos:  52.13710156,  11.64271314 /   -50.3090,   -35.2886; vel:    -1.7886,     0.8309; acc:    -2.9963,     0.1483
[  93.305450] pos:  52.13710156,  11.64270289 /   -51.0230,   -34.9750; vel:    -1.7943,     0.7463; acc:    -2.9966,     0.1419
[  93.704071] pos:  52.13710497,  11.64269265 /   -51.7386,   -34.6920; vel:    -1.7979,     0.6768; acc:    -2.9969,     0.1359
[  94.102684] pos:  52.13710497,  11.64268155 /   -52.4550,   -34.4345; vel:    -1.7994,     0.6175; acc:    -2.9972,     0.1301
[  94.501305] pos:  52.13710839,  11.64267130 /   -53.1735,   -34.1986; vel:    -1.8056,     0.5671; acc:    -2.9974,     0.1246
[  94.899918] pos:  52.13710839,  11.64266020 /   -53.8938,   -33.9820; vel:    -1.8102,     0.5209; acc:    -2.9976,     0.1187
[  95.298531] pos:  52.13711180,  11.64264911 /   -54.6153,   -33.7830; vel:    -1.8127,     0.4793; acc:    -2.9979,     0.1123
[  95.697151] pos:  52.13711180,  11.64263971 /   -55.3377,   -33.5998; vel:    -1.8131,     0.4408; acc:    -2.9981,     0.1070
[  96.095764] pos:  52.13711180,  11.64262861 /   -56.0603,   -33.4312; vel:    -1.8129,     0.4058; acc:    -2.9983,     0.1009
[  96.494385] pos:  52.13711522,  11.64261837 /   -56.7827,   -33.2757; vel:    -1.8114,     0.3813; acc:    -2.1817,     2.0592
[  96.892998] pos:  52.13711863,  11.64260727 /   -57.4987,   -33.0770; vel:    -1.7789,     0.6617; acc:    -2.1783,     2.0628
[  97.291611] pos:  52.13712205,  11.64259873 /   -58.1995,   -32.7449; vel:    -1.7413,     0.9929; acc:    -2.1747,     2.0665
[  97.690231] pos:  52.13712888,  11.64258849 /   -58.8889,   -32.2988; vel:    -1.7203,     1.2282; acc:    -2.9987,     0.0886
[  98.088844] pos:  52.13712888,  11.64257910 /   -59.5741,   -31.7966; vel:    -1.7288,     1.2247; acc:    -2.9989,     0.0830
[  98.487465] pos:  52.13713229,  11.64256714 /   -60.2686,   -31.3446; vel:    -1.7576,     1.0424; acc:    -2.9990,     0.0758
[  98.886078] pos:  52.13713571,  11.64255775 /   -60.9730,   -30.9625; vel:    -1.7767,     0.8824; acc:    -2.9992,     0.0689
[  99.284691] pos:  52.13714254,  11.64254665 /   -61.6835,   -30.6363; vel:    -1.7874,     0.7603; acc:    -2.9993,     0.0625
[  99.683311] pos:  52.13714254,  11.64253726 /   -62.3972,   -30.3531; vel:    -1.7937,     0.6647; acc:    -2.9995,     0.0565
[ 100.081924] pos:  52.13714254,  11.64252616 /   -63.1126,   -30.1044; vel:    -1.7977,     0.5856; acc:    -2.9996,     0.0506
[ 100.480545] pos:  52.13714937,  11.64251592 /   -63.8289,   -29.8851; vel:    -1.7990,     0.5176; acc:    -2.9997,     0.0450
[ 100.879158] pos:  52.13715278,  11.64250482 /   -64.5471,   -29.6905; vel:    -1.8052,     0.4599; acc:    -2.9997,     0.0396
[ 101.277771] pos:  52.13715278,  11.64249543 /   -65.2674,   -29.5179; vel:    -1.8105,     0.4076; acc:    -2.9998,     0.0343
[ 101.676392] pos:  52.13715278,  11.64248433 /   -65.9891,   -29.3651; vel:    -1.8127,     0.3604; acc:    -2.9999,     0.0291
[ 102.075005] pos:  52.13715278,  11.64247323 /   -66.7110,   -29.2281; vel:    -1.8080,     0.3606; acc:    -2.1370,     2.1055
[ 102.473625] pos:  52.13715620,  11.64246298 /   -67.4244,   -29.0215; vel:    -1.7694,     0.7011; acc:    -2.1336,     2.1090
[ 102.872238] pos:  52.13715961,  11.64245274 /   -68.1219,   -28.6727; vel:    -1.7327,     1.0325; acc:    -2.1299,     2.1127
[ 103.270851] pos:  52.13716303,  11.64244249 /   -68.8066,   -28.2136; vel:    -1.7065,     1.2544; acc:    -3.0000,     0.0087
[ 103.669472] pos:  52.13716303,  11.64243310 /   -69.4858,   -27.7075; vel:    -1.7143,     1.2174; acc:    -3.0000,     0.0079
[ 104.068085] pos:  52.13716986,  11.64242286 /   -70.1743,   -27.2748; vel:    -1.7144,     0.8593; acc:     2.1168,    -2.1259
[ 104.466705] pos:  52.13716986,  11.64241432 /   -70.8082,   -27.0960; vel:    -1.4323,     0.0326; acc:     2.1163,    -2.1263
[ 104.865318] pos:  52.13716986,  11.64240578 /   -71.2962,   -27.2190; vel:    -0.9621,    -0.5963; acc:     3.0000,    -0.0025
[ 105.263931] pos:  52.13716986,  11.64240236 /   -71.5402,   -27.5301; vel:    -0.2449,    -0.8891; acc:     3.0000,    -0.0020
[ 105.662552] pos:  52.13716303,  11.64240322 /   -71.4903,   -27.8762; vel:     0.4672,    -0.8245; acc:     3.0000,    -0.0002
[ 106.061165] pos:  52.13716303,  11.64240749 /   -71.1967,   -28.1818; vel:     0.9693,    -0.7096; acc:     3.0000,    -0.0001
[ 106.459785] pos:  52.13715961,  11.64241517 /   -70.7436,   -28.4408; vel:     1.2741,    -0.5490; acc:     2.1196,     2.1231
[ 106.858398] pos:  52.13715961,  11.64242200 /   -70.2059,   -28.5535; vel:     1.4087,     0.0085; acc:     2.1190,     2.1236
[ 107.257011] pos:  52.13715961,  11.64243139 /   -69.6359,   -28.4363; vel:     1.3944,     0.5774; acc:    -0.0040,     3.0000
[ 107.655632] pos:  52.13716303,  11.64243822 /   -69.1431,   -28.1083; vel:     0.9762,     1.0270; acc:    -2.1177,     2.1249
[ 108.054245] pos:  52.13716644,  11.64244164 /   -68.9016,   -27.6523; vel:     0.2146,     1.1884; acc:    -3.0000,     0.0056
[ 108.452866] pos:  52.13716986,  11.64243993 /   -68.9665,   -27.2084; vel:    -0.4983,     0.9854; acc:    -2.1245,    -2.1182
[ 108.851479] pos:  52.13716986,  11.64243652 /   -69.2558,   -26.9362; vel:    -0.9142,     0.3554; acc:    -2.1250,    -2.1176
[ 109.250092] pos:  52.13716986,  11.64242969 /   -69.6727,   -26.9183; vel:    -1.1404,    -0.2486; acc:    -0.0055,    -3.0000
[ 109.648712] pos:  52.13716986,  11.64242371 /   -70.1118,   -27.1275; vel:    -1.0317,    -0.7788; acc:    -0.0049,    -3.0000
[ 110.047325] pos:  52.13716986,  11.64241859 /   -70.4777,   -27.5141; vel:    -0.7244,    -1.1235; acc:     2.1225,    -2.1201
[ 110.445946] pos:  52.13716303,  11.64241688 /   -70.6356,   -27.9911; vel:    -0.0391,    -1.2025; acc:     3.0000,    -0.0006
[ 110.844559] pos:  52.13716303,  11.64241859 /   -70.5130,   -28.4307; vel:     0.6138,    -0.9445; acc:     2.1205,     2.1221
[ 111.243172] pos:  52.13715620,  11.64242286 /   -70.1869,   -28.6767; vel:     0.9880,    -0.2706; acc:     2.1207,     2.1220
[ 111.641792] pos:  52.13715961,  11.64242883 /   -69.7548,   -28.6527; vel:     1.1095,     0.3872; acc:    -0.0011,     3.0000
[ 112.040405] pos:  52.13716303,  11.64243481 /   -69.3417,   -28.3835; vel:     0.9483,     0.9299; acc:    -2.1215,     2.1211
[ 112.439018] pos:  52.13716303,  11.64243908 /   -69.0603,   -27.9459; vel:     0.3959,     1.2236; acc:    -3.0000,    -0.0011
[ 112.837639] pos:  52.13716986,  11.64243908 /   -69.0493,   -27.4666; vel:    -0.3333,     1.1328; acc:    -2.1207,    -2.1219
[ 113.236252] pos:  52.13716986,  11.64243652 /   -69.2945,   -27.0918; vel:    -0.8435,     0.6514; acc:    -2.1200,    -2.1227
[ 113.634872] pos:  52.13716986,  11.64242969 /   -69.6926,   -26.9671; vel:    -1.1238,    -0.0132; acc:    -0.0022,    -3.0000
[ 114.033485] pos:  52.13716986,  11.64242286 /   -70.1366,   -27.0982; vel:    -1.0550,    -0.6256; acc:     2.1192,    -2.1234
[ 114.432098] pos:  52.13716986,  11.64241859 /   -70.4811,   -27.4347; vel:    -0.5767,    -1.0177; acc:     2.1189,    -2.1238
[ 114.830719] pos:  52.13716303,  11.64241688 /   -70.5737,   -27.8761; vel:     0.1219,    -1.1255; acc:     3.0000,    -0.0040
[ 115.229332] pos:  52.13716303,  11.64241944 /   -70.3951,   -28.2924; vel:     0.7392,    -0.9487; acc:     2.1227,     2.1199
[ 115.627953] pos:  52.13715961,  11.64242542 /   -70.0226,   -28.5710; vel:     1.0880,    -0.3848; acc:    -0.0013,     3.0000
[ 116.026566] pos:  52.13715961,  11.64243139 /   -69.5668,   -28.5865; vel:     1.1216,     0.3125; acc:    -0.0003,     3.0000
[ 116.425179] pos:  52.13716303,  11.64243822 /   -69.1676,   -28.3423; vel:     0.7941,     0.8638; acc:    -2.1231,     2.1196
[ 116.823799] pos:  52.13716303,  11.64243993 /   -68.9850,   -27.9327; vel:     0.1182,     1.1568; acc:    -3.0000,    -0.0032
[ 117.222412] pos:  52.13716986,  11.64243908 /   -69.0750,   -27.4770; vel:    -0.5522,     1.0803; acc:    -2.1197,    -2.1229
[ 117.621033] pos:  52.13716986,  11.64243481 /   -69.3923,   -27.1235; vel:    -0.9916,     0.5975; acc:    -2.1193,    -2.1233
[ 118.019646] pos:  52.13716986,  11.64242798 /   -69.8373,   -27.0194; vel:    -1.1978,    -0.0699; acc:     0.0036,    -3.0000
[ 118.418259] pos:  52.13716986,  11.64242115 /   -70.2927,   -27.1748; vel:    -1.0543,    -0.6823; acc:     2.1184,    -2.1243
[ 118.816879] pos:  52.13716986,  11.64241688 /   -70.6118,   -27.5273; vel:    -0.4815,    -1.0446; acc:     3.0000,    -0.0052
[ 119.215492] pos:  52.13716303,  11.64241517 /   -70.6637,   -27.9679; vel:     0.2266,    -1.0881; acc:     3.0000,    -0.0014
[ 119.614113] pos:  52.13715961,  11.64241944 /   -70.4502,   -28.3621; vel:     0.7999,    -0.8304; acc:     2.1232,     2.1194
[ 120.012726] pos:  52.13715961,  11.64242456 /   -70.0637,   -28.5665; vel:     1.1081,    -0.1796; acc:    -0.0004,     3.0000
[ 120.411339] pos:  52.13715961,  11.64243139 /   -69.6033,   -28.5075; vel:     1.1260,     0.4729; acc:     0.0016,     3.0000
[ 120.809959] pos:  52.13716303,  11.64243822 /   -69.2048,   -28.2114; vel:     0.7842,     0.9673; acc:    -2.1203,     2.1223
[ 121.208572] pos:  52.13716303,  11.64243993 /   -69.0277,   -27.7704; vel:     0.0932,     1.1978; acc:    -3.0000,    -0.0036
[ 121.607193] pos:  52.13716986,  11.64243908 /   -69.1315,   -27.3129; vel:    -0.5871,     1.0645; acc:    -2.1199,    -2.1227
[ 122.005806] pos:  52.13716986,  11.64243395 /   -69.4570,   -26.9884; vel:    -1.0004,     0.4971; acc:    -2.1199,    -2.1228
[ 122.404419] pos:  52.13716986,  11.64242712 /   -69.8948,   -26.9259; vel:    -1.1202,    -0.1885; acc:     0.0023,    -3.0000
[ 122.803040] pos:  52.13716986,  11.64242115 /   -70.3093,   -27.1251; vel:    -0.9454,    -0.7763; acc:     2.1225,    -2.1201
[ 123.201653] pos:  52.13716644,  11.64241688 /   -70.5862,   -27.5081; vel:    -0.3832,    -1.1058; acc:     3.0000,    -0.0033
[ 123.600273] pos:  52.13716303,  11.64241688 /   -70.6026,   -27.9676; vel:     0.3049,    -1.1241; acc:     3.0000,    -0.0043
[ 123.998886] pos:  52.13715961,  11.64242029 /   -70.3627,   -28.3730; vel:     0.8546,    -0.8480; acc:     2.1231,     2.1196
[ 124.397499] pos:  52.13715961,  11.64242627 /   -69.9587,   -28.5819; vel:     1.1359,    -0.1833; acc:    -0.0004,     3.0000
[ 124.796120] pos:  52.13715961,  11.64243310 /   -69.5139,   -28.5129; vel:     1.0469,     0.5119; acc:    -2.1233,     2.1193
[ 125.194733] pos:  52.13716303,  11.64243822 /   -69.1777,   -28.2076; vel:     0.5465,     0.9685; acc:    -2.1229,     2.1197
[ 125.593353] pos:  52.13716303,  11.64243822 /   -69.0953,   -27.7696; vel:    -0.1275,     1.1838; acc:    -3.0000,     0.0004
[ 125.991966] pos:  52.13716986,  11.64243652 /   -69.2724,   -27.3223; vel:    -0.7247,     0.9757; acc:    -2.1199,    -2.1227
[ 126.390579] pos:  52.13716986,  11.6424