Startup-Time:    0.000000
[   0.029310] pos:  52.13591652,  11.64344738 /     0.0000,     0.0000; vel:     0.0000,    -0.0000; acc:     0.0000,     0.0000
[   0.427926] pos:  52.13591652,  11.64344738 /    -0.0000,    -0.0000; vel:    -0.0000,     0.0000; acc:     0.0000,     0.0000
[   0.826542] pos:  52.13591652,  11.64344738 /    -0.0000,    -0.0000; vel:     0.0000,     0.0000; acc:     0.0000,     0.0000
[   1.225158] pos:  52.13591310,  11.64344653 /     0.0000,    -0.0000; vel:     0.0000,    -0.0000; acc:     0.0000,     0.0000
[   1.623774] pos:  52.13591310,  11.64344653 /     0.0000,    -0.0000; vel:    -0.0000,    -0.0000; acc:     0.0000,     0.0000
[   2.022390] pos:  52.13591310,  11.64344653 /     0.0000,     0.0000; vel:    -0.0000,     0.0000; acc:     2.1213,    -2.1213
[   2.421006] pos:  52.13591310,  11.64344653 /     0.0000,     0.0000; vel:    -0.0000,    -0.0000; acc:     2.1213,    -2.1213
[   2.819622] pos:  52.13591310,  11.64344653 /     0.0000,     0.0000; vel:    -0.0000,     0.0000; acc:     2.1213,    -2.1213
[   3.218238] pos:  52.13591310,  11.64344653 /     0.0000,     0.0000; vel:    -0.0000,    -0.0000; acc:     2.1213,    -2.1213
[   3.616854] pos:  52.13591310,  11.64344653 /     0.0000,     0.0000; vel:    -0.0000,     0.0000; acc:     2.1213,    -2.1213
[   4.015470] pos:  52.13591310,  11.64344653 /     0.0000,     0.0000; vel:    -0.0000,    -0.0000; acc:    -0.0998,     2.9983
[   4.414086] pos:  52.13591310,  11.64344653 /     0.0000,     0.0000; vel:    -0.0000,    -0.0000; acc:    -0.0998,     2.9983
[   4.812702] pos:  52.13591310,  11.64344653 /     0.0000,     0.0000; vel:    -0.0000,     0.0000; acc:    -0.0998,     2.9983
[   5.211318] pos:  52.13591310,  11.64344653 /     0.0000,     0.0000; vel:    -0.0000,    -0.0000; acc:    -0.0998,     2.9983
[   5.609934] pos:  52.13591310,  11.64344653 /     0.0000,     0.0000; vel:     0.0000,     0.0000; acc:    -0.0998,     2.9983
[   6.008550] pos:  52.13591310,  11.64344653 /     0.0000,     0.0000; vel:     0.0000,     0.0000; acc:    -0.0998,     2.9983
[   6.407166] pos:  52.13591310,  11.64344653 /     0.0000,     0.0000; vel:     0.0000,     0.0000; acc:    -0.0998,     2.9983
[   6.805782] pos:  52.13591310,  11.64344653 /     0.0000,     0.0000; vel:    -0.0000,    -0.0000; acc:    -0.0998,     2.9983
[   7.204398] pos:  52.13591310,  11.64344653 /     0.0000,     0.0000; vel:     0.0000,    -0.0000; acc:    -0.0998,     2.9983
[   7.603014] pos:  52.13591310,  11.64344653 /     0.0000,     0.0000; vel:    -0.0000,    -0.0000; acc:    -0.0998,     2.9983
[   8.001630] pos:  52.13591310,  11.64344653 /     0.0000,     0.0000; vel:     0.0000,    -0.0000; acc:    -0.0998,     2.9983
[   8.400246] pos:  52.13591310,  11.64344653 /     0.0000,     0.0000; vel:    -0.0000,     0.0000; acc:    -0.0998,     2.9983
[   8.798862] pos:  52.13591310,  11.64344653 /     0.0000,     0.0000; vel:     0.0000,    -0.0000; acc:    -0.0998,     2.9983
[   9.197478] pos:  52.13591310,  11.64344653 /     0.0000,     0.0000; vel:     0.0000,     0.0000; acc:    -0.0998,     2.9983
[   9.596094] pos:  52.13591310,  11.64344653 /     0.0000,     0.0000; vel:     0.0000,    -0.0000; acc:    -0.0998,     2.9983
[   9.994710] pos:  52.13591310,  11.64344653 /     0.0000,     0.0000; vel:    -0.0000,     0.0000; acc:    -0.0998,     2.9983
[  10.393326] pos:  52.13591310,  11.64344653 /     0.0000,     0.0000; vel:    -0.0000,     0.0000; acc:    -0.0998,     2.9983
[  10.791942] pos:  52.13591310,  11.64344653 /     0.0000,     0.0000; vel:    -0.0000,     0.0000; acc:    -0.0998,     2.9983
[  11.190558] pos:  52.13591310,  11.64344653 /     0.0000,     0.0000; vel:     0.0000,     0.0000; acc:    -0.0998,     2.9983
[  11.589174] pos:  52.13591310,  11.64344653 /     0.0000,     0.0000; vel:    -0.0000,     0.0000; acc:    -0.0998,     2.9983
[  11.987790] pos:  52.13591310,  11.64344653 /     0.0000,     0.0000; vel:     0.0000,    -0.0000; acc:    -0.0998,     2.9983
[  12.386406] pos:  52.13591310,  11.64344653 /     0.0000,     0.0000; vel:    -0.0000,    -0.0000; acc:    -0.0998,     2.9983
[  12.785022] pos:  52.13591310,  11.64344653 /     0.0000,     0.0000; vel:     0.0000,    -0.0000; acc:    -0.0998,     2.9983
[  13.183638] pos:  52.13591310,  11.64344653 /     0.0000,     0.0000; vel:    -0.0000,    -0.0000; acc:    -0.0998,     2.9983
[  13.582254] pos:  52.13591310,  11.64344653 /     0.0000,     0.0000; vel:    -0.0000,    -0.0000; acc:    -0.0998,     2.9983
[  13.980870] pos:  52.13591310,  11.64344653 /     0.0000,     0.0000; vel:     0.0000,     0.0000; acc:    -0.0998,     2.9983
[  14.379486] pos:  52.13591310,  11.64344653 /     0.0000,     0.0000; vel:    -0.0000,    -0.0000; acc:    -0.0998,     2.9983
[  14.778102] pos:  52.13591310,  11.64344653 /     0.0000,     0.0000; vel:    -0.0000,     0.0000; acc:    -0.0998,     2.9983
[  15.176718] pos:  52.13591310,  11.64344653 /     0.0000,     0.0000; vel:     0.0000,     0.0000; acc:    -0.0998,     2.9983
[  15.575334] pos:  52.13591310,  11.64344653 /     0.0000,     0.0000; vel:     0.0000,     0.0000; acc:    -0.0998,     2.9983
[  15.973950] pos:  52.13591310,  11.64344653 /     0.0000,     0.0000; vel:    -0.0000,    -0.0000; acc:    -0.0998,     2.9983
[  16.372566] pos:  52.13591310,  11.64344653 /     0.0000,     0.0000; vel:     0.0000,     0.0000; acc:    -0.0998,     2.9983
[  16.771181] pos:  52.13591310,  11.64344653 /     0.0000,     0.0000; vel:    -0.0000,     0.0000; acc:    -0.0998,     2.9983
[  17.169798] pos:  52.13591310,  11.64344653 /     0.0000,     0.0000; vel:     0.0000,     0.0000; acc:    -0.0998,     2.9983
[  17.568415] pos:  52.13591310,  11.64344653 /     0.0000,     0.0000; vel:    -0.0000,    -0.0000; acc:    -0.0998,     2.9983
[  17.967030] pos:  52.13591310,  11.64344653 /     0.0000,     0.0000; vel:     0.0000,    -0.0000; acc:    -0.0998,     2.9983
[  18.365646] pos:  52.13591310,  11.64344653 /     0.0000,     0.0000; vel:     0.0000,    -0.0000; acc:    -0.0998,     2.9983
[  18.764261] pos:  52.13591310,  11.64344653 /     0.0000,     0.0000; vel:     0.0000,     0.0000; acc:    -0.0998,     2.9983
[  19.162878] pos:  52.13591310,  11.64344653 /     0.0000,     0.0000; vel:    -0.0000,    -0.0000; acc:    -0.0998,     2.9983
[  19.561495] pos:  52.13591310,  11.64344653 /     0.0000,     0.0000; vel:     0.0000,     0.0000; acc:    -0.0998,     2.9983
[  19.960110] pos:  52.13591310,  11.64344653 /    -0.0000,     0.0000; vel:     0.0000,     0.0000; acc:    -0.0998,     2.9983
[  20.358727] pos:  52.13591310,  11.64344653 /    -0.0000,     0.0000; vel:    -0.0000,    -0.0000; acc:    -0.0998,     2.9983
[  20.757341] pos:  52.13591310,  11.64344653 /    -0.0000,     0.0000; vel:     0.0000,     0.0000; acc:    -0.0998,     2.9983
[  21.155958] pos:  52.13591310,  11.64344653 /    -0.0000,     0.0000; vel:     0.0000,    -0.0000; acc:    -0.0998,     2.9983
[  21.554573] pos:  52.13591310,  11.64344653 /    -0.0000,     0.0000; vel:    -0.0000,     0.0000; acc:    -0.0998,     2.9983
[  21.953190] pos:  52.13591310,  11.64344653 /    -0.0000,     0.0000; vel:    -0.0000,     0.0000; acc:    -0.0998,     2.9983
[  22.351807] pos:  52.13591310,  11.64344653 /    -0.0000,     0.0000; vel:     0.0000,     0.0000; acc:    -0.0998,     2.9983
[  22.750422] pos:  52.13591310,  11.64344653 /    -0.0000,     0.0000; vel:     0.0000,     0.0000; acc:    -0.0998,     2.9983
[  23.149038] pos:  52.13591310,  11.64344653 /    -0.0000,     0.0000; vel:    -0.0000,    -0.0000; acc:    -0.0998,     2.9983
[  23.547653] pos:  52.13591310,  11.64344653 /    -0.0000,     0.0000; vel:     0.0000,    -0.0000; acc:    -0.0998,     2.9983
[  23.946270] pos:  52.13591310,  11.64344653 /    -0.0000,     0.0000; vel:     0.0000,    -0.0000; acc:    -0.0998,     2.9983
[  24.344887] pos:  52.13591310,  11.64344653 /    -0.0000,     0.0000; vel:    -0.0000,     0.0000; acc:    -0.0998,     2.9983
[  24.743502] pos:  52.13591310,  11.64344653 /    -0.0000,     0.0000; vel:    -0.0000,     0.0000; acc:    -0.0998,     2.9983
[  25.142118] pos:  52.13591310,  11.64344653 /    -0.0000,     0.0000; vel:     0.0000,    -0.0000; acc:    -0.0998,     2.9983
[  25.540733] pos:  52.13591310,  11.64344653 /    -0.0000,     0.0000; vel:     0.0000,     0.0000; acc:    -0.0998,     2.9983
[  25.939350] pos:  52.13591310,  11.64344653 /    -0.0000,     0.0000; vel:     0.0000,     0.0000; acc:    -0.0998,     2.9983
[  26.337967] pos:  52.13591310,  11.64344653 /    -0.0000,     0.0000; vel:     0.0000,    -0.0000; acc:    -0.0998,     2.9983
[  26.736582] pos:  52.13591310,  11.64344653 /    -0.0000,     0.0000; vel:    -0.0000,    -0.0000; acc:    -0.0998,     2.9983
[  27.135199] pos:  52.13591310,  11.64344653 /     0.0000,     0.0000; vel:     0.0000,    -0.0000; acc:    -0.0998,     2.9983
[  27.533813] pos:  52.13591310,  11.64344653 /     0.0000,     0.0000; vel:     0.0000,     0.0000; acc:    -0.0998,     2.9983
[  27.932430] pos:  52.13591310,  11.64344653 /     0.0000,     0.0000; vel:     0.0000,     0.0000; acc:    -0.0998,     2.9983
[  28.331045] pos:  52.13590969,  11.64344568 /    -0.0000,     0.0000; vel:     0.0000,    -0.0000; acc:    -0.0998,     2.9983
[  28.729662] pos:  52.13591652,  11.64344653 /     0.0002,    -0.0000; vel:     0.0008,    -0.0000; acc:    -0.0998,     2.9983
[  29.128279] pos:  52.13591310,  11.64344568 /    -0.0010,     0.0391; vel:    -0.0122,     0.3145; acc:    -0.1021,     2.9983
[  29.526894] pos:  52.13591652,  11.64344653 /    -0.0115,     0.2769; vel:    -0.0406,     0.8581; acc:    -0.1062,     2.9981
[  29.925510] pos:  52.13591993,  11.64344568 /    -0.0328,     0.6963; vel:    -0.0654,     1.2135; acc:    -0.1092,     2.9980
[  30.324125] pos:  52.13592335,  11.64344568 /    -0.0630,     1.2218; vel:    -0.0859,     1.4050; acc:    -0.1112,     2.9979
[  30.722742] pos:  52.13593360,  11.64344568 /    -0.1011,     1.8049; vel:    -0.1044,     1.5113; acc:    -0.1128,     2.9979
[  31.121359] pos:  52.13594043,  11.64344482 /    -0.1458,     2.4204; vel:    -0.1200,     1.5737; acc:    -0.1140,     2.9978
[  31.519974] pos:  52.13594043,  11.64344397 /    -0.1965,     3.0558; vel:    -0.1342,     1.6141; acc:    -0.1149,     2.9978
[  31.918591] pos:  52.13595067,  11.64344311 /    -0.2525,     3.7050; vel:    -0.1469,     1.6441; acc:    -0.1160,     2.9978
[  32.317207] pos:  52.13595067,  11.64344226 /    -0.3135,     4.3655; vel:    -0.1589,     1.6696; acc:    -0.1171,     2.9977
[  32.715820] pos:  52.13595750,  11.64344141 /    -0.3791,     5.0354; vel:    -0.1701,     1.6914; acc:    -0.1181,     2.9977
[  33.114437] pos:  52.13596092,  11.64343970 /    -0.4490,     5.7131; vel:    -0.1805,     1.7106; acc:    -0.1191,     2.9976
[  33.513054] pos:  52.13596775,  11.64343885 /    -0.5227,     6.3974; vel:    -0.1897,     1.7249; acc:    -0.1199,     2.9976
[  33.911671] pos:  52.13597799,  11.64343799 /    -0.6000,     7.0880; vel:    -0.1980,     1.7402; acc:    -0.1209,     2.9976
[  34.310287] pos:  52.13598141,  11.64343714 /    -0.6803,     7.7838; vel:    -0.2048,     1.7517; acc:    -0.1218,     2.9975
[  34.708900] pos:  52.13599165,  11.64343543 /    -0.7630,     8.4828; vel:    -0.2105,     1.7578; acc:    -0.1227,     2.9975
[  35.107517] pos:  52.13599507,  11.64343458 /    -0.8478,     9.1838; vel:    -0.2150,     1.7610; acc:    -0.1234,     2.9975
[  35.506134] pos:  52.13600190,  11.64343372 /    -0.9343,     9.8861; vel:    -0.2189,     1.7627; acc:    -0.1244,     2.9974
[  35.904751] pos:  52.13600873,  11.64343116 /    -1.0223,    10.5887; vel:    -0.2226,     1.7629; acc:    -0.1254,     2.9974
[  36.303368] pos:  52.13601556,  11.64343031 /    -1.1117,    11.2910; vel:    -0.2260,     1.7627; acc:    -0.1264,     2.9973
[  36.701981] pos:  52.13602239,  11.64342860 /    -1.2022,    11.9927; vel:    -0.2284,     1.7610; acc:    -0.1274,     2.9973
[  37.100597] pos:  52.13602580,  11.64342775 /    -1.2938,    12.6953; vel:    -0.2310,     1.7649; acc:    -0.1282,     2.9973
[  37.499214] pos:  52.13603605,  11.64342604 /    -1.3863,    13.3990; vel:    -0.2338,     1.7673; acc:    -0.1294,     2.9972
[  37.897831] pos:  52.13603605,  11.64342519 /    -1.4799,    14.1030; vel:    -0.2354,     1.7677; acc:    -0.1305,     2.9972
[  38.296448] pos:  52.13604629,  11.64342433 /    -1.5739,    14.8069; vel:    -0.2366,     1.7657; acc:    -0.1316,     2.9971
[  38.695061] pos:  52.13605312,  11.64342348 /    -1.6685,    15.5103; vel:    -0.2382,     1.7639; acc:    -0.1328,     2.9971
[  39.093678] pos:  52.13605995,  11.64342177 /    -1.7638,    16.2130; vel:    -0.2401,     1.7625; acc:    -0.1336,     2.9970
[  39.492294] pos:  52.13606337,  11.64342006 /    -1.8598,    16.9150; vel:    -0.2418,     1.7617; acc:    -0.1349,     2.9970
[  39.890911] pos:  52.13607361,  11.64341836 /    -1.9563,    17.6164; vel:    -0.2429,     1.7605; acc:    -0.1361,     2.9969
[  40.289528] pos:  52.13608044,  11.64341750 /    -2.0535,    18.3189; vel:    -0.2449,     1.7648; acc:    -0.1374,     2.9969
[  40.688141] pos:  52.13608386,  11.64341579 /    -2.1514,    19.0227; vel:    -0.2461,     1.7680; acc:    -0.1388,     2.9968
[  41.086758] pos:  52.13609069,  11.64341409 /    -2.2495,    19.7270; vel:    -0.2471,     1.7683; acc:    -0.1397,     2.9967
[  41.485374] pos:  52.13609752,  11.64341238 /    -2.3484,    20.4313; vel:    -0.2493,     1.7676; acc:    -0.1411,     2.9967
[  41.883991] pos:  52.13610435,  11.64341067 /    -2.4481,    21.1357; vel:    -0.2505,     1.7671; acc:    -0.1425,     2.9966
[  42.282604] pos:  52.13611118,  11.64340896 /    -2.5482,    21.8400; vel:    -0.2521,     1.7670; acc:    -0.1439,     2.9965
[  42.681221] pos:  52.13611460,  11.64340726 /    -2.6490,    22.5439; vel:    -0.2539,     1.7668; acc:    -0.1454,     2.9965
[  43.079838] pos:  52.13612143,  11.64340555 /    -2.7504,    23.2474; vel:    -0.2555,     1.7660; acc:    -0.1464,     2.9964
[  43.478455] pos:  52.13612826,  11.64340555 /    -2.8528,    23.9522; vel:    -0.2579,     1.7706; acc:    -0.1480,     2.9963
[  43.877071] pos:  52.13613167,  11.64340384 /    -2.9557,    24.6575; vel:    -0.2588,     1.7689; acc:    -0.1496,     2.9963
[  44.275684] pos:  52.13614192,  11.64340213 /    -3.0590,    25.3621; vel:    -0.2599,     1.7705; acc:    -0.1512,     2.9962
[  44.674301] pos:  52.13614875,  11.64340128 /    -3.1630,    26.0692; vel:    -0.2620,     1.7805; acc:    -0.1530,     2.9961
[  45.072918] pos:  52.13615216,  11.64339957 /    -3.2681,    26.7817; vel:    -0.2659,     1.7949; acc:    -0.1543,     2.9960
[  45.471535] pos:  52.13615899,  11.64339701 /    -3.3749,    27.4999; vel:    -0.2699,     1.8094; acc:    -0.1562,     2.9959
[  45.870152] pos:  52.13616924,  11.64339530 /    -3.4834,    28.2232; vel:    -0.2745,     1.8212; acc:    -0.1582,     2.9958
[  46.268764] pos:  52.13617265,  11.64339445 /    -3.5935,    28.9503; vel:    -0.2788,     1.8292; acc:    -0.1603,     2.9957
[  46.667381] pos:  52.13617948,  11.64339274 /    -3.7057,    29.6815; vel:    -0.2842,     1.8394; acc:    -0.1624,     2.9956
[  47.065998] pos:  52.13618631,  11.64339103 /    -3.8200,    30.4158; vel:    -0.2894,     1.8462; acc:    -0.1638,     2.9955
[  47.464615] pos:  52.13618973,  11.64338847 /    -3.9364,    31.1517; vel:    -0.2954,     1.8486; acc:    -0.1660,     2.9954
[  47.863232] pos:  52.13619997,  11.64338677 /    -4.0552,    31.8880; vel:    -0.3009,     1.8474; acc:    -0.1682,     2.9953
[  48.261845] pos:  52.13620680,  11.64338506 /    -4.1762,    32.6240; vel:    -0.3060,     1.8455; acc:    -0.1707,     2.9951
[  48.660461] pos:  52.13621363,  11.64338420 /    -4.2991,    33.3590; vel:    -0.3110,     1.8429; acc:    -0.1722,     2.9951
[  49.059078] pos:  52.13622046,  11.64338250 /    -4.4239,    34.0926; vel:    -0.3154,     1.8402; acc:    -0.1746,     2.9949
[  49.457695] pos:  52.13622388,  11.64338079 /    -4.5503,    34.8248; vel:    -0.3192,     1.8363; acc:    -0.1772,     2.9948
[  49.856312] pos:  52.13623412,  11.64337908 /    -4.6784,    35.5570; vel:    -0.3238,     1.8383; acc:    -0.1798,     2.9946
[  50.254925] pos:  52.13624095,  11.64337652 /    -4.8084,    36.2896; vel:    -0.3286,     1.8391; acc:    -0.1826,     2.9944
[  50.653542] pos:  52.13624437,  11.64337396 /    -4.9400,    37.0219; vel:    -0.3325,     1.8377; acc:    -0.1844,     2.9943
[  51.052158] pos:  52.13625461,  11.64337225 /    -5.0732,    37.7533; vel:    -0.3362,     1.8338; acc:    -0.1874,     2.9941
[  51.450775] pos:  52.13626144,  11.64337054 /    -5.2080,    38.4833; vel:    -0.3401,     1.8291; acc:    -0.1905,     2.9939
[  51.849388] pos:  52.13626486,  11.64336884 /    -5.3444,    39.2114; vel:    -0.3441,     1.8253; acc:    -0.1937,     2.9937
[  52.248005] pos:  52.13627169,  11.64336628 /    -5.4822,    39.9380; vel:    -0.3479,     1.8222; acc:    -0.1971,     2.9935
[  52.646622] pos:  52.13627852,  11.64336542 /    -5.6215,    40.6630; vel:    -0.3514,     1.8188; acc:    -0.1992,     2.9934
[  53.045238] pos:  52.13628535,  11.64336286 /    -5.7625,    41.3884; vel:    -0.3562,     1.8213; acc:    -0.2029,     2.9931
[  53.443855] pos:  52.13629218,  11.64336115 /    -5.9055,    42.1142; vel:    -0.3614,     1.8219; acc:    -0.2068,     2.9929
[  53.842468] pos:  52.13629901,  11.64335859 /    -6.0503,    42.8396; vel:    -0.3658,     1.8207; acc:    -0.2108,     2.9926
[  54.241085] pos:  52.13630584,  11.64335603 /    -6.1969,    43.5645; vel:    -0.3702,     1.8181; acc:    -0.2152,     2.9923
[  54.639702] pos:  52.13631267,  11.64335432 /    -6.3453,    44.2887; vel:    -0.3746,     1.8159; acc:    -0.2178,     2.9921
[  55.038319] pos:  52.13631609,  11.64335091 /    -6.4955,    45.0120; vel:    -0.3793,     1.8136; acc:    -0.2224,     2.9917
[  55.436935] pos:  52.13632292,  11.64334920 /    -6.6476,    45.7341; vel:    -0.3840,     1.8118; acc:    -0.2274,     2.9914
[  55.835548] pos:  52.13632975,  11.64334664 /    -6.8014,    46.4551; vel:    -0.3886,     1.8086; acc:    -0.2327,     2.9910
[  56.234165] pos:  52.13633658,  11.64334493 /    -6.9576,    47.1765; vel:    -0.3949,     1.8113; acc:    -0.2383,     2.9905
[  56.632782] pos:  52.13633999,  11.64334322 /    -7.1161,    47.8985; vel:    -0.4009,     1.8129; acc:    -0.2417,     2.9902
[  57.031399] pos:  52.13635024,  11.64333981 /    -7.2768,    48.6204; vel:    -0.4064,     1.8121; acc:    -0.2481,     2.9897
[  57.430016] pos:  52.13635707,  11.64333895 /    -7.4398,    49.3418; vel:    -0.4119,     1.8094; acc:    -0.2548,     2.9892
[  57.828629] pos:  52.13636390,  11.64333639 /    -7.6053,    50.0625; vel:    -0.4185,     1.8072; acc:    -0.2620,     2.9885
[  58.227245] pos:  52.13637073,  11.64333298 /    -7.7735,    50.7824; vel:    -0.4256,     1.8056; acc:    -0.2700,     2.9878
[  58.625862] pos:  52.13637756,  11.64333127 /    -7.9446,    51.5015; vel:    -0.4331,     1.8041; acc:    -0.2746,     2.9874
[  59.024479] pos:  52.13638097,  11.64332786 /    -8.1185,    52.2195; vel:    -0.4404,     1.8013; acc:    -0.2836,     2.9866
[  59.423096] pos:  52.13639122,  11.64332615 /    -8.2959,    52.9380; vel:    -0.4497,     1.8048; acc:    -0.2932,     2.9856
[  59.821709] pos:  52.13639463,  11.64332359 /    -8.4771,    53.6576; vel:    -0.4601,     1.8073; acc:    -0.3042,     2.9845
[  60.220325] pos:  52.13640488,  11.64332017 /    -8.6625,    54.3775; vel:    -0.4709,     1.8072; acc:    -0.3164,     2.9833
[  60.618942] pos:  52.13641171,  11.64331846 /    -8.8522,    55.0971; vel:    -0.4818,     1.8051; acc:    -0.3232,     2.9825
[  61.017559] pos:  52.13641512,  11.64331505 /    -9.0467,    55.8161; vel:    -0.4943,     1.8030; acc:    -0.3373,     2.9810
[  61.416176] pos:  52.13642195,  11.64331163 /    -9.2462,    56.5343; vel:    -0.5068,     1.8013; acc:    -0.3535,     2.9791
[  61.814789] pos:  52.13643220,  11.64330907 /    -9.4509,    57.2517; vel:    -0.5209,     1.8002; acc:    -0.3715,     2.9769
[  62.213406] pos:  52.13643561,  11.64330566 /    -9.6613,    57.9683; vel:    -0.5358,     1.7980; acc:    -0.3816,     2.9756
[  62.612022] pos:  52.13644244,  11.64330224 /    -9.8783,    58.6855; vel:    -0.5536,     1.8005; acc:    -0.4042,     2.9726
[  63.010639] pos:  52.13645269,  11.64329968 /   -10.1027,    59.4032; vel:    -0.5733,     1.8024; acc:    -0.4304,     2.9690
[  63.409252] pos:  52.13645610,  11.64329627 /   -10.3354,    60.1210; vel:    -0.5958,     1.8021; acc:    -0.4618,     2.9642
[  63.807869] pos:  52.13646293,  11.64329200 /   -10.5777,    60.8386; vel:    -0.6209,     1.7997; acc:    -0.5008,     2.9579
[  64.206490] pos:  52.13646977,  11.64328858 /   -10.8308,    61.5555; vel:    -0.6499,     1.7977; acc:    -0.5217,     2.9543
[  64.605103] pos:  52.13647660,  11.64328517 /   -11.0960,    62.2715; vel:    -0.6821,     1.7956; acc:    -0.5731,     2.9448
[  65.003716] pos:  52.13648343,  11.64328090 /   -11.3750,    62.9865; vel:    -0.7191,     1.7937; acc:    -0.6379,     2.9314
[  65.402336] pos:  52.13648684,  11.64327663 /   -11.6696,    63.7002; vel:    -0.7613,     1.7904; acc:    -0.7222,     2.9118
[  65.800949] pos:  52.13649367,  11.64327151 /   -11.9835,    64.4141; vel:    -0.8147,     1.7919; acc:    -0.8429,     2.8791
[  66.199570] pos:  52.13650392,  11.64326724 /   -12.3201,    65.1281; vel:    -0.8782,     1.7919; acc:    -0.9120,     2.8580
[  66.598183] pos:  52.13650733,  11.64326211 /   -12.6843,    65.8411; vel:    -0.9542,     1.7881; acc:    -1.1280,     2.7799
[  66.996796] pos:  52.13651416,  11.64325528 /   -13.0824,    66.5520; vel:    -1.0468,     1.7796; acc:    -1.4716,     2.6143
[  67.395416] pos:  52.13652099,  11.64324931 /   -13.5225,    67.2588; vel:    -1.1635,     1.7663; acc:    -2.2129,     2.0256
[  67.794029] pos:  52.13652782,  11.64324248 /   -14.0152,    67.9567; vel:    -1.3135,     1.7312; acc:    -2.2226,     2.0150
[  68.192642] pos:  52.13653465,  11.64323479 /   -14.5657,    68.6381; vel:    -1.4424,     1.6911; acc:    -2.2305,     2.0062
[  68.591263] pos:  52.13653465,  11.64322540 /   -15.1580,    69.3054; vel:    -1.5252,     1.6619; acc:    -2.2351,     2.0011
[  68.989876] pos:  52.13654490,  11.64321601 /   -15.7778,    69.9648; vel:    -1.5808,     1.6484; acc:    -2.2378,     1.9981
[  69.388496] pos:  52.13654831,  11.64320662 /   -16.4152,    70.6196; vel:    -1.6164,     1.6394; acc:    -2.2391,     1.9967
[  69.787109] pos:  52.13655514,  11.64319808 /   -17.0637,    71.2710; vel:    -1.6387,     1.6317; acc:    -2.2395,     1.9962
[  70.185722] pos:  52.13655856,  11.64318784 /   -17.7194,    71.9197; vel:    -1.6517,     1.6251; acc:    -2.2393,     1.9964
[  70.584343] pos:  52.13656880,  11.64317845 /   -18.3796,    72.5663; vel:    -1.6606,     1.6200; acc:    -2.2388,     1.9969
[  70.982956] pos:  52.13657222,  11.64316820 /   -19.0427,    73.2112; vel:    -1.6669,     1.6163; acc:    -2.2382,     1.9976
[  71.381577] pos:  52.13657905,  11.64315966 /   -19.7079,    73.8547; vel:    -1.6719,     1.6144; acc:    -2.2375,     1.9984
[  71.780190] pos:  52.13658929,  11.64314942 /   -20.3743,    74.4973; vel:    -1.6740,     1.6127; acc:    -2.2366,     1.9995
[  72.178802] pos:  52.13658929,  11.64313917 /   -21.0426,    75.1408; vel:    -1.6796,     1.6164; acc:    -2.2358,     2.0003
[  72.577423] pos:  52.13659612,  11.64312978 /   -21.7125,    75.7854; vel:    -1.6827,     1.6193; acc:    -2.2349,     2.0013
[  72.976036] pos:  52.13660295,  11.64312039 /   -22.3828,    76.4305; vel:    -1.6834,     1.6202; acc:    -2.2339,     2.0024
[  73.374657] pos:  52.13660978,  11.64311014 /   -23.0533,    77.0759; vel:    -1.6821,     1.6198; acc:    -2.2327,     2.0037
[  73.773270] pos:  52.13661320,  11.64309990 /   -23.7234,    77.7216; vel:    -1.6805,     1.6202; acc:    -2.2316,     2.0050
[  74.171883] pos:  52.13662003,  11.64309051 /   -24.3929,    78.3675; vel:    -1.6793,     1.6208; acc:    -2.2304,     2.0063
[  74.570503] pos:  52.13662344,  11.64308111 /   -25.0617,    79.0133; vel:    -1.6785,     1.6213; acc:    -2.2293,     2.0075
[  74.969116] pos:  52.13663027,  11.64307172 /   -25.7299,    79.6589; vel:    -1.6770,     1.6206; acc:    -2.2281,     2.0088
[  75.367737] pos:  52.13663710,  11.64306148 /   -26.3991,    80.3056; vel:    -1.6810,     1.6247; acc:    -2.2273,     2.0098
[  75.766350] pos:  52.13664393,  11.64305209 /   -27.0694,    80.9535; vel:    -1.6837,     1.6276; acc:    -2.2263,     2.0109
[  76.164963] pos:  52.13664735,  11.64304184 /   -27.7400,    81.6021; vel:    -1.6838,     1.6293; acc:    -2.2252,     2.0121
[  76.563583] pos:  52.13665077,  11.64303160 /   -28.4106,    82.2512; vel:    -1.6826,     1.6287; acc:    -2.2240,     2.0134
[  76.962196] pos:  52.13666101,  11.64302220 /   -29.0810,    82.9002; vel:    -1.6815,     1.6281; acc:    -2.2228,     2.0147
[  77.360817] pos:  52.13666784,  11.64301196 /   -29.7509,    83.5490; vel:    -1.6803,     1.6275; acc:    -2.2217,     2.0160
[  77.759430] pos:  52.13667467,  11.64300342 /   -30.4202,    84.1973; vel:    -1.6793,     1.6270; acc:    -2.2205,     2.0173
[  78.158043] pos:  52.13667467,  11.64299318 /   -31.0886,    84.8450; vel:    -1.6769,     1.6257; acc:    -2.2192,     2.0187
[  78.556664] pos:  52.13668150,  11.64298293 /   -31.7575,    85.4938; vel:    -1.6804,     1.6298; acc:    -2.2183,     2.0197
[  78.955276] pos:  52.13668833,  11.64297269 /   -32.4276,    86.1439; vel:    -1.6831,     1.6335; acc:    -2.2173,     2.0208
[  79.353897] pos:  52.13669516,  11.64296329 /   -33.0981,    86.7948; vel:    -1.6837,     1.6349; acc:    -2.2162,     2.0220
[  79.752510] pos:  52.13670199,  11.64295305 /   -33.7688,    87.4460; vel:    -1.6827,     1.6342; acc:    -2.2150,     2.0234
[  80.151123] pos:  52.13670541,  11.64294366 /   -34.4392,    88.0972; vel:    -1.6813,     1.6333; acc:    -2.2137,     2.0247
[  80.549744] pos:  52.13671224,  11.64293427 /   -35.1090,    88.7480; vel:    -1.6801,     1.6327; acc:    -2.2125,     2.0260
[  80.948357] pos:  52.13671907,  11.64292487 /   -35.7781,    89.3984; vel:    -1.6791,     1.6324; acc:    -2.2113,     2.0273
[  81.346977] pos:  52.13672590,  11.64291378 /   -36.4466,    90.0482; vel:    -1.6777,     1.6306; acc:    -2.2101,     2.0287
[  81.745590] pos:  52.13673273,  11.64290438 /   -37.1160,    90.6988; vel:    -1.6812,     1.6339; acc:    -2.2091,     2.0298
[  82.144203] pos:  52.13673614,  11.64289499 /   -37.7863,    91.3503; vel:    -1.6838,     1.6367; acc:    -2.2080,     2.0309
[  82.542824] pos:  52.13674297,  11.64288475 /   -38.4570,    92.0024; vel:    -1.6841,     1.6374; acc:    -2.2068,     2.0322
[  82.941437] pos:  52.13674639,  11.64287536 /   -39.1278,    92.6546; vel:    -1.6827,     1.6364; acc:    -2.2056,     2.0336
[  83.340057] pos:  52.13675322,  11.64286511 /   -39.7981,    93.3066; vel:    -1.6810,     1.6357; acc:    -2.2043,     2.0349
[  83.738670] pos:  52.13676005,  11.64285572 /   -40.4676,    93.9584; vel:    -1.6791,     1.6351; acc:    -2.2031,     2.0363
[  84.137283] pos:  52.13676346,  11.64284547 /   -41.1363,    94.6097; vel:    -1.6779,     1.6346; acc:    -2.2018,     2.0377
[  84.535904] pos:  52.13677029,  11.64283608 /   -41.8042,    95.2604; vel:    -1.6759,     1.6329; acc:    -2.2005,     2.0390
[  84.934517] pos:  52.13677712,  11.64282584 /   -42.4728,    95.9118; vel:    -1.6792,     1.6362; acc:    -2.1995,     2.0402
[  85.333138] pos:  52.13678737,  11.64281730 /   -43.1424,    96.5644; vel:    -1.6819,     1.6396; acc:    -2.1983,     2.0414
[  85.731750] pos:  52.13678737,  11.64280705 /   -43.8125,    97.2178; vel:    -1.6829,     1.6411; acc:    -2.1972,     2.0427
[  86.130363] pos:  52.13679420,  11.64279766 /   -44.4828,    97.8715; vel:    -1.6818,     1.6406; acc:    -2.1959,     2.0440
[  86.528984] pos:  52.13679761,  11.64278656 /   -45.1529,    98.5254; vel:    -1.6806,     1.6402; acc:    -2.1946,     2.0454
[  86.927597] pos:  52.13680786,  11.64277803 /   -45.8225,    99.1789; vel:    -1.6799,     1.6396; acc:    -2.1934,     2.0467
[  87.326218] pos:  52.13681127,  11.64276693 /   -46.4916,    99.8320; vel:    -1.6789,     1.6390; acc:    -2.1921,     2.0481
[  87.724831] pos:  52.13681810,  11.64275839 /   -47.1599,   100.4845; vel:    -1.6768,     1.6376; acc:    -2.1908,     2.0495
[  88.123444] pos:  52.13682152,  11.64274814 /   -47.8288,   101.1380; vel:    -1.6803,     1.6414; acc:    -2.1897,     2.0507
[  88.522064] pos:  52.13682835,  11.64273961 /   -48.4988,   101.7926; vel:    -1.6829,     1.6446; acc:    -2.1885,     2.0519
[  88.920677] pos:  52.13683518,  11.64272765 /   -49.1691,   102.4478; vel:    -1.6830,     1.6454; acc:    -2.1873,     2.0533
[  89.319298] pos:  52.13684201,  11.64271911 /   -49.8394,   103.1032; vel:    -1.6816,     1.6444; acc:    -2.1859,     2.0547
[  89.717911] pos:  52.13684884,  11.64270887 /   -50.5094,   103.7584; vel:    -1.6804,     1.6433; acc:    -2.1846,     2.0560
[  90.116524] pos:  52.13685226,  11.64270033 /   -51.1789,   104.4131; vel:    -1.6793,     1.6424; acc:    -2.1833,     2.0574
[  90.515144] pos:  52.13685909,  11.64268923 /   -51.8478,   105.0672; vel:    -1.6792,     1.6405; acc:    -2.2611,     1.9717
[  90.913757] pos:  52.13686592,  11.64268070 /   -52.5171,   105.7192; vel:    -1.6817,     1.6332; acc:    -2.2553,     1.9783
[  91.312370] pos:  52.13686933,  11.64266960 /   -53.1887,   106.3697; vel:    -1.6888,     1.6318; acc:    -2.2530,     1.9809
[  91.710991] pos:  52.13687616,  11.64266020 /   -53.8626,   107.0198; vel:    -1.6934,     1.6315; acc:    -2.2491,     1.9854
[  92.109604] pos:  52.13687958,  11.64264996 /   -54.5373,   107.6693; vel:    -1.6944,     1.6300; acc:    -2.2475,     1.9872
[  92.508224] pos:  52.13688641,  11.64264057 /   -55.2121,   108.3182; vel:    -1.6929,     1.6274; acc:    -2.2462,     1.9886
[  92.906837] pos:  52.13689324,  11.64263118 /   -55.8866,   108.9665; vel:    -1.6918,     1.6260; acc:    -2.2449,     1.9901
[  93.305450] pos:  52.13690007,  11.64262093 /   -56.5606,   109.6144; vel:    -1.6908,     1.6251; acc:    -2.2422,     1.9931
[  93.704071] pos:  52.13690690,  11.64261069 /   -57.2341,   110.2617; vel:    -1.6899,     1.6246; acc:    -2.2399,     1.9957
[  94.102684] pos:  52.13691031,  11.64260129 /   -57.9067,   110.9085; vel:    -1.6877,     1.6234; acc:    -2.2375,     1.9984
[  94.501305] pos:  52.13691714,  11.64259190 /   -58.5801,   111.5562; vel:    -1.6922,     1.6257; acc:    -2.7461,     1.2080
[  94.899918] pos:  52.13692056,  11.64258166 /   -59.2588,   112.1943; vel:    -1.7177,     1.5693; acc:    -2.7519,     1.1946
[  95.298531] pos:  52.13692739,  11.64257056 /   -59.9483,   112.8058; vel:    -1.7428,     1.5037; acc:    -2.7548,     1.1880
[  95.697151] pos:  52.13693080,  11.64256117 /   -60.6458,   113.3946; vel:    -1.7573,     1.4553; acc:    -2.7598,     1.1762
[  96.095764] pos:  52.13693763,  11.64255092 /   -61.3479,   113.9675; vel:    -1.7652,     1.4212; acc:    -2.7640,     1.1663
[  96.494385] pos:  52.13694446,  11.64254068 /   -62.0525,   114.5286; vel:    -1.7698,     1.3955; acc:    -2.7672,     1.1586
[  96.892998] pos:  52.13694446,  11.64252958 /   -62.7581,   115.0806; vel:    -1.7723,     1.3765; acc:    -2.7561,     1.1848
[  97.291611] pos:  52.13695129,  11.64252019 /   -63.4640,   115.6260; vel:    -1.7724,     1.3636; acc:    -2.7566,     1.1837
[  97.690231] pos:  52.13695812,  11.64250909 /   -64.1714,   116.1689; vel:    -1.7773,     1.3624; acc:    -2.7341,     1.2347
[  98.088844] pos:  52.13696154,  11.64249970 /   -64.8800,   116.7123; vel:    -1.7795,     1.3659; acc:    -2.7181,     1.2696
[  98.487465] pos:  52.13696837,  11.64248860 /   -65.5888,   117.2574; vel:    -1.7795,     1.3710; acc:    -2.7272,     1.2500
[  98.886078] pos:  52.13697520,  11.64247920 /   -66.2974,   117.8039; vel:    -1.7777,     1.3721; acc:    -2.7390,     1.2239
[  99.284691] pos:  52.13697861,  11.64246811 /   -67.0057,   118.3507; vel:    -1.7761,     1.3706; acc:    -2.7390,     1.2239
[  99.683311] pos:  52.13698544,  11.64245786 /   -67.7133,   118.8963; vel:    -1.7751,     1.3670; acc:    -2.7479,     1.2038
[ 100.081924] pos:  52.13698544,  11.64244676 /   -68.4204,   119.4400; vel:    -1.7749,     1.3627; acc:    -2.7545,     1.1887
[ 100.480545] pos:  52.13699227,  11.64243737 /   -69.1270,   119.9815; vel:    -1.7735,     1.3566; acc:    -2.7596,     1.1767
[ 100.879158] pos:  52.13699569,  11.64242712 /   -69.8347,   120.5219; vel:    -1.7776,     1.3548; acc:    -2.7643,     1.1655
[ 101.277771] pos:  52.13700252,  11.64241603 /   -70.5436,   121.0611; vel:    -1.7811,     1.3518; acc:    -2.7645,     1.1651
[ 101.676392] pos:  52.13700593,  11.64240663 /   -71.2533,   121.5986; vel:    -1.7826,     1.3475; acc:    -2.7685,     1.1557
[ 102.075005] pos:  52.13701277,  11.64239639 /   -71.9634,   122.1344; vel:    -1.7818,     1.3421; acc:    -2.7718,     1.1477
[ 102.473625] pos:  52.13701618,  11.64238614 /   -72.6735,   122.6683; vel:    -1.7792,     1.3378; acc:    -2.7588,     1.1786
[ 102.872238] pos:  52.13701960,  11.64237504 /   -73.3719,   123.2074; vel:    -1.7399,     1.3606; acc:    -0.1061,     2.9981
[ 103.270851] pos:  52.13702643,  11.64236480 /   -74.0592,   123.7536; vel:    -1.7096,     1.3831; acc:    -2.7303,     1.2432
[ 103.669472] pos:  52.13703326,  11.64235541 /   -74.7388,   124.3066; vel:    -1.6918,     1.4002; acc:    -2.7144,     1.2775
[ 104.068085] pos:  52.13703667,  11.64234516 /   -75.4077,   124.8707; vel:    -1.6290,     1.4489; acc:    -2.7193,     1.2671
[ 104.466705] pos:  52.13704009,  11.64233748 /   -76.0497,   125.4545; vel:    -1.6227,     1.4667; acc:     2.0544,     2.1862
[ 104.865318] pos:  52.13704692,  11.64232638 /   -76.6681,   126.0416; vel:    -1.3852,     1.4964; acc:    -2.7516,     1.1954
[ 105.263931] pos:  52.13705375,  11.64231955 /   -77.1893,   126.6408; vel:    -1.2498,     1.5077; acc:    -2.8013,     1.0736
[ 105.662552] pos:  52.13705716,  11.64231186 /   -77.7190,   127.2338; vel:    -1.4426,     1.4608; acc:    -2.8308,     0.9932
[ 106.061165] pos:  52.13706399,  11.64230247 /   -78.3374,   127.8033; vel:    -1.6434,     1.3985; acc:    -2.7725,     1.1460
[ 106.459785] pos:  52.13706741,  11.64229308 /   -79.0130,   128.3532; vel:    -1.7314,     1.3668; acc:    -0.8255,     2.8842
[ 106.858398] pos:  52.13707082,  11.64228284 /   -79.6951,   128.9053; vel:    -1.6545,     1.4375; acc:    -0.7320,     2.9093
[ 107.257011] pos:  52.13707765,  11.64227345 /   -80.3201,   129.5067; vel:    -1.4807,     1.5758; acc:    -0.6659,     2.9252
[ 107.655632] pos:  52.13708448,  11.64226491 /   -80.8777,   130.1549; vel:    -1.3262,     1.6697; acc:    -0.7907,     2.8939
[ 108.054245] pos:  52.13708790,  11.64225808 /   -81.3841,   130.8310; vel:    -1.2231,     1.7201; acc:    -0.9979,     2.8292
[ 108.452866] pos:  52.13709814,  11.64225125 /   -81.8600,   131.5217; vel:    -1.1734,     1.7438; acc:    -1.1842,     2.7564
[ 108.851479] pos:  52.13710156,  11.64224356 /   -82.3241,   132.2193; vel:    -1.1629,     1.7549; acc:    -1.1824,     2.7572
[ 109.250092] pos:  52.13710839,  11.64223759 /   -82.7933,   132.9170; vel:    -1.2187,     1.7281; acc:    -2.6992,     1.3094
[ 109.648712] pos:  52.13711180,  11.64222990 /   -83.3093,   133.5865; vel:    -1.3713,     1.6307; acc:     2.9993,     0.0663
[ 110.047325] pos:  52.13712205,  11.64222222 /   -83.8105,   134.2039; vel:    -0.9340,     1.4412; acc:    -2.8447,    -0.9526
[ 110.445946] pos:  52.13712546,  11.64221880 /   -84.0923,   134.7150; vel:    -0.6953,     1.0913; acc:    -2.7128,    -1.2809
[ 110.844559] pos:  52.13712888,  11.64221368 /   -84.4320,   135.0649; vel:    -1.0232,     0.6658; acc:    -2.6942,    -1.3197
[ 111.243172] pos:  52.13712888,  11.64220685 /   -84.8955,   135.2428; vel:    -1.2562,     0.1851; acc:    -1.0774,    -2.7998
[ 111.641792] pos:  52.13712888,  11.64219917 /   -85.4008,   135.1929; vel:    -1.2394,    -0.4227; acc:     1.2447,    -2.7296
[ 112.040405] pos:  52.13712888,  11.64219319 /   -85.8310,   134.9255; vel:    -0.8871,    -0.8922; acc:     1.6928,     2.4768
[ 112.439018] pos:  52.13712205,  11.64218892 /   -86.0951,   134.5083; vel:    -0.4365,    -1.1646; acc:     1.1745,     2.7605
[ 112.837639] pos:  52.13711863,  11.64218807 /   -86.1630,   134.0132; vel:     0.0978,    -1.3003; acc:     1.4649,     2.6180
[ 113.236252] pos:  52.13711180,  11.64219063 /   -86.0361,   133.4936; vel:     0.5046,    -1.2809; acc:    -0.9845,     2.8339
[ 113.634872] pos:  52.13710839,  11.64219404 /   -85.7914,   133.0255; vel:     0.6387,    -0.9991; acc:     3.0000,     0.0082
[ 114.033485] pos:  52.13710497,  11.64219746 /   -85.5771,   132.6545; vel:     0.5954,    -0.8748; acc:     3.0000,    -0.0076
[ 114.432098] pos:  52.13710156,  11.64220087 /   -85.2736,   132.3159; vel:     0.8256,    -0.9009; acc:    -1.2013,    -2.7490
[ 114.830719] pos:  52.13709814,  11.64220514 /   -85.0034,   131.8923; vel:     0.4997,    -1.2320; acc:    -1.0622,    -2.8057
[ 115.229332] pos:  52.13709473,  11.64220770 /   -84.8670,   131.3441; vel:     0.2736,    -1.4988; acc:     1.0349,    -2.8158
[ 115.627953] pos:  52.13708790,  11.64220941 /   -84.7216,   130.7132; vel:     0.4810,    -1.6501; acc:     1.2290,    -2.7367
[ 116.026566] pos:  52.13708448,  11.64221368 /   -84.4769,   130.0396; vel:     0.7427,    -1.7217; acc:     2.7236,    -1.2577
[ 116.425179] pos:  52.13707424,  11.64221795 /   -84.1181,   129.3590; vel:     1.0734,    -1.6756; acc:     2.8042,    -1.0660
[ 116.823799] pos:  52.13706741,  11.64222563 /   -83.6283,   128.7092; vel:     1.3663,    -1.5836; acc:     2.8150,    -1.0373
[ 117.222412] pos:  52.13706741,  11.64223417 /   -83.0442,   128.0953; vel:     1.5494,    -1.5003; acc:     2.8699,    -0.8738
[ 117.621033] pos:  52.13706058,  11.64224356 /   -82.4044,   127.5137; vel:     1.6529,    -1.4221; acc:     2.8242,    -1.0119
[ 118.019646] pos:  52.13705375,  11.64225381 /   -81.7338,   126.9575; vel:     1.7083,    -1.3751; acc:    -0.9683,    -2.8394
[ 118.418259] pos:  52.13704692,  11.64226149 /   -81.0750,   126.4040; vel:     1.5097,    -1.4382; acc:    -1.0512,    -2.8098
[ 118.816879] pos:  52.13704692,  11.64227003 /   -80.5591,   125.8022; vel:     1.0770,    -1.5779; acc:    -1.0589,    -2.8069
[ 119.215492] pos:  52.13703667,  11.64227515 /   -80.2106,   125.1528; vel:     0.7191,    -1.6738; acc:     0.9707,    -2.8386
[ 119.614113] pos:  52.13703326,  11.64227942 /   -79.9167,   124.4745; vel:     0.7939,    -1.7262; acc:     1.1761,    -2.7599
[ 120.012726] pos:  52.13702643,  11.64228540 /   -79.5672,   123.7801; vel:     0.9590,    -1.7549; acc:     2.6861,    -1.3359
[ 120.411339] pos:  52.13701960,  11.64229137 /   -79.1478,   123.0843; vel:     1.1687,    -1.7162; acc:     2.6987,    -1.3103
[ 120.809959] pos:  52.13701277,  11.64229906 /   -78.6363,   122.4194; vel:     1.3873,    -1.6203; acc:     2.7883,    -1.1069
[ 121.208572] pos:  52.13700935,  11.64230674 /   -78.0540,   121.7929; vel:     1.5228,    -1.5274; acc:     2.8483,    -0.9418
[ 121.607193] pos:  52.13700593,  11.64231613 /   -77.4308,   121.2013; vel:     1.5968,    -1.4438; acc:     2.8918,    -0.7983
[ 122.005806] pos:  52.13699569,  11.64232467 /   -76.7934,   120.6635; vel:     1.5449,    -1.1082; acc:     2.7890,    -1.1053
[ 122.404419] pos:  52.13699569,  11.64233406 /   -76.2114,   120.3599; vel:     1.4367,    -0.4929; acc:     2.3648,     1.8460
[ 122.803040] pos:  52.13699227,  11.64234175 /   -75.6366,   120.2443; vel:     1.3826,    -0.2454; acc:    -1.2169,    -2.7421
[ 123.201653] pos:  52.13699227,  11.64234943 /   -75.1602,   120.0550; vel:     0.9916,    -0.7349; acc:    -1.0172,    -2.8223
[ 123.600273] pos:  52.13698886,  11.64235370 /   -74.8423,   119.6669; vel:     0.6116,    -1.1835; acc:     1.0425,    -2.8131
[ 123.998886] pos:  52.13698544,  11.64235711 /   -74.6121,   119.1375; vel:     0.6207,    -1.4473; acc:     1.2123,    -2.7441
[ 124.397499] pos:  52.13698203,  11.64236138 /   -74.3296,   118.5315; vel:     0.8010,    -1.5780; acc:     1.2244,    -2.7388
[ 124.796120] pos:  52.13697520,  11.64236565 /   -73.9796,   117.8888; vel:     0.9425,    -1.6395; acc:     1.2095,    -2.7454
[ 125.194733] pos:  52.13696495,  11.64237163 /   -73.5864,   117.2290; vel:     1.0330,    -1.6605; acc:     2.7979,    -1.0824
[ 125.593353] pos:  52.13696154,  11.64237931 /   -73.1387,   116.5849; vel:     1.2198,    -1.5620; acc:     2.8414,     0.9626
[ 125.991966] pos:  52.13695812,  11.64238529 /   -72.6200,   116.0201; vel:     1.3744,    -1.2243; acc:     2.7297,     1.2444
[ 126.390579] pos:  52.13695129,  11.6423